Started GET "/" for ::1 at 2017-07-26 12:20:45 -0700
Processing by PostsController#index as HTML
  [1m[36mPost Load (13.5ms)[0m  [1m[34mSELECT "posts".* FROM "posts"[0m
Completed 200 OK in 232ms (Views: 48.7ms | ActiveRecord: 101.1ms)


  [1m[36mActiveRecord::SchemaMigration Load (2.2ms)[0m  [1m[34mSELECT "schema_migrations".* FROM "schema_migrations"[0m
  [1m[35m (7.3ms)[0m  [1m[34mSELECT "ar_internal_metadata"."value" FROM "ar_internal_metadata" WHERE "ar_internal_metadata"."key" = $1[0m  [["key", :environment]]
  [1m[36mActiveRecord::SchemaMigration Load (0.2ms)[0m  [1m[34mSELECT "schema_migrations".* FROM "schema_migrations"[0m
  [1m[35m (0.3ms)[0m  [1m[34mSELECT "ar_internal_metadata"."value" FROM "ar_internal_metadata" WHERE "ar_internal_metadata"."key" = $1[0m  [["key", :environment]]
  [1m[36mActiveRecord::SchemaMigration Load (0.3ms)[0m  [1m[34mSELECT "schema_migrations".* FROM "schema_migrations"[0m
  [1m[35m (0.3ms)[0m  [1m[34mSELECT "ar_internal_metadata"."value" FROM "ar_internal_metadata" WHERE "ar_internal_metadata"."key" = $1[0m  [["key", :environment]]
  [1m[35mSQL (4.8ms)[0m  [1m[35mCREATE EXTENSION IF NOT EXISTS "plpgsql"[0m
  [1m[35m (63.6ms)[0m  [1m[35mDROP TABLE "posts" CASCADE[0m
  [1m[35m (33.5ms)[0m  [1m[35mCREATE TABLE "posts" ("id" serial primary key, "title" character varying, "categories" character varying, "content" text, "created_at" timestamp NOT NULL, "updated_at" timestamp NOT NULL, "user_id" integer)[0m
  [1m[35m (1.3ms)[0m  [1m[35mCREATE  INDEX  "index_posts_on_user_id" ON "posts" USING btree ("user_id")[0m
  [1m[35m (6.8ms)[0m  [1m[35mDROP TABLE "tags" CASCADE[0m
  [1m[35m (5.6ms)[0m  [1m[35mCREATE TABLE "tags" ("id" serial primary key, "name" character varying)[0m
  [1m[35m (2.0ms)[0m  [1m[35mDROP TABLE "users" CASCADE[0m
  [1m[35m (4.7ms)[0m  [1m[35mCREATE TABLE "users" ("id" serial primary key, "name" character varying, "token" character varying, "email" character varying, "password_digest" character varying, "created_at" timestamp NOT NULL, "updated_at" timestamp NOT NULL)[0m
  [1m[35m (9.9ms)[0m  [1m[35mALTER TABLE "posts" ADD CONSTRAINT "fk_rails_5b5ddfd518"
FOREIGN KEY ("user_id")
  REFERENCES "users" ("id")
[0m
  [1m[35m (0.6ms)[0m  [1m[34mSELECT version FROM "schema_migrations"[0m
  [1m[36mActiveRecord::InternalMetadata Load (0.6ms)[0m  [1m[34mSELECT  "ar_internal_metadata".* FROM "ar_internal_metadata" WHERE "ar_internal_metadata"."key" = $1 LIMIT $2[0m  [["key", :environment], ["LIMIT", 1]]
  [1m[35m (0.3ms)[0m  [1m[35mBEGIN[0m
  [1m[35m (0.2ms)[0m  [1m[35mCOMMIT[0m
  [1m[36mActiveRecord::InternalMetadata Load (0.3ms)[0m  [1m[34mSELECT  "ar_internal_metadata".* FROM "ar_internal_metadata" WHERE "ar_internal_metadata"."key" = $1 LIMIT $2[0m  [["key", :environment], ["LIMIT", 1]]
  [1m[35m (0.2ms)[0m  [1m[35mBEGIN[0m
  [1m[35m (0.3ms)[0m  [1m[35mCOMMIT[0m
  [1m[35mSQL (2.5ms)[0m  [1m[35mCREATE EXTENSION IF NOT EXISTS "plpgsql"[0m
  [1m[35m (17.2ms)[0m  [1m[35mDROP TABLE "posts" CASCADE[0m
  [1m[35m (31.8ms)[0m  [1m[35mCREATE TABLE "posts" ("id" serial primary key, "title" character varying, "categories" character varying, "content" text, "created_at" timestamp NOT NULL, "updated_at" timestamp NOT NULL, "user_id" integer)[0m
  [1m[35m (1.8ms)[0m  [1m[35mCREATE  INDEX  "index_posts_on_user_id" ON "posts" USING btree ("user_id")[0m
  [1m[35m (2.8ms)[0m  [1m[35mDROP TABLE "tags" CASCADE[0m
  [1m[35m (4.9ms)[0m  [1m[35mCREATE TABLE "tags" ("id" serial primary key, "name" character varying)[0m
  [1m[35m (2.7ms)[0m  [1m[35mDROP TABLE "users" CASCADE[0m
  [1m[35m (3.8ms)[0m  [1m[35mCREATE TABLE "users" ("id" serial primary key, "name" character varying, "token" character varying, "email" character varying, "password_digest" character varying, "created_at" timestamp NOT NULL, "updated_at" timestamp NOT NULL)[0m
  [1m[35m (5.8ms)[0m  [1m[35mALTER TABLE "posts" ADD CONSTRAINT "fk_rails_5b5ddfd518"
FOREIGN KEY ("user_id")
  REFERENCES "users" ("id")
[0m
  [1m[35m (0.4ms)[0m  [1m[34mSELECT version FROM "schema_migrations"[0m
  [1m[36mActiveRecord::InternalMetadata Load (2.0ms)[0m  [1m[34mSELECT  "ar_internal_metadata".* FROM "ar_internal_metadata" WHERE "ar_internal_metadata"."key" = $1 LIMIT $2[0m  [["key", :environment], ["LIMIT", 1]]
  [1m[35m (0.1ms)[0m  [1m[35mBEGIN[0m
  [1m[35m (0.2ms)[0m  [1m[35mCOMMIT[0m
  [1m[36mActiveRecord::InternalMetadata Load (0.3ms)[0m  [1m[34mSELECT  "ar_internal_metadata".* FROM "ar_internal_metadata" WHERE "ar_internal_metadata"."key" = $1 LIMIT $2[0m  [["key", :environment], ["LIMIT", 1]]
  [1m[35m (0.1ms)[0m  [1m[35mBEGIN[0m
  [1m[35m (0.1ms)[0m  [1m[35mCOMMIT[0m
  [1m[36mActiveRecord::SchemaMigration Load (0.6ms)[0m  [1m[34mSELECT "schema_migrations".* FROM "schema_migrations"[0m
  [1m[35m (0.2ms)[0m  [1m[35mBEGIN[0m
  [1m[36mUser Exists (0.8ms)[0m  [1m[34mSELECT  1 AS one FROM "users" WHERE "users"."name" = $1 LIMIT $2[0m  [["name", "tweety"], ["LIMIT", 1]]
  [1m[36mUser Exists (0.4ms)[0m  [1m[34mSELECT  1 AS one FROM "users" WHERE "users"."email" = $1 LIMIT $2[0m  [["email", "bird@ruby.com"], ["LIMIT", 1]]
  [1m[35mSQL (8.1ms)[0m  [1m[32mINSERT INTO "users" ("name", "token", "email", "password_digest", "created_at", "updated_at") VALUES ($1, $2, $3, $4, $5, $6) RETURNING "id"[0m  [["name", "tweety"], ["token", "bxqfJwS9rZXkwe37jSyF6PT6"], ["email", "bird@ruby.com"], ["password_digest", "$2a$10$nYDQw9wAFSIatmIuXwReTuX6FbB8OtQ/qx4pqKqeBmKZWzD7CMkTe"], ["created_at", 2017-07-26 19:59:33 UTC], ["updated_at", 2017-07-26 19:59:33 UTC]]
  [1m[35m (0.6ms)[0m  [1m[35mCOMMIT[0m
  [1m[35m (0.2ms)[0m  [1m[35mBEGIN[0m
  [1m[36mUser Exists (0.3ms)[0m  [1m[34mSELECT  1 AS one FROM "users" WHERE "users"."name" = $1 LIMIT $2[0m  [["name", "daffy"], ["LIMIT", 1]]
  [1m[36mUser Exists (0.3ms)[0m  [1m[34mSELECT  1 AS one FROM "users" WHERE "users"."email" = $1 LIMIT $2[0m  [["email", "daffy@ruby.com"], ["LIMIT", 1]]
  [1m[35mSQL (0.4ms)[0m  [1m[32mINSERT INTO "users" ("name", "token", "email", "password_digest", "created_at", "updated_at") VALUES ($1, $2, $3, $4, $5, $6) RETURNING "id"[0m  [["name", "daffy"], ["token", "U2fJTp6cQnv3WZY9CY1Fk9uZ"], ["email", "daffy@ruby.com"], ["password_digest", "$2a$10$lj28hkfGrsJJJV7zf22l0eQm4QFAygER1pYuiUP/IXK0ZiSSV/4YK"], ["created_at", 2017-07-26 19:59:33 UTC], ["updated_at", 2017-07-26 19:59:33 UTC]]
  [1m[35m (4.8ms)[0m  [1m[35mCOMMIT[0m
  [1m[35m (0.3ms)[0m  [1m[35mBEGIN[0m
  [1m[36mUser Exists (4.1ms)[0m  [1m[34mSELECT  1 AS one FROM "users" WHERE "users"."name" = $1 LIMIT $2[0m  [["name", "Tywin Lannister"], ["LIMIT", 1]]
  [1m[36mUser Exists (0.5ms)[0m  [1m[34mSELECT  1 AS one FROM "users" WHERE "users"."email" = $1 LIMIT $2[0m  [["email", "gregorio@price.org"], ["LIMIT", 1]]
  [1m[35mSQL (0.5ms)[0m  [1m[32mINSERT INTO "users" ("name", "token", "email", "password_digest", "created_at", "updated_at") VALUES ($1, $2, $3, $4, $5, $6) RETURNING "id"[0m  [["name", "Tywin Lannister"], ["token", "hmvP9Ph5p5t6rt4gfVTWWg9w"], ["email", "gregorio@price.org"], ["password_digest", "$2a$10$kmqtjIa6lJzBB/4VV/.kL.2XaVvncxXKuHy/a8l9YSdZgwP5jldUu"], ["created_at", 2017-07-26 19:59:33 UTC], ["updated_at", 2017-07-26 19:59:33 UTC]]
  [1m[35m (2.3ms)[0m  [1m[35mCOMMIT[0m
  [1m[35m (0.2ms)[0m  [1m[35mBEGIN[0m
  [1m[36mUser Exists (0.4ms)[0m  [1m[34mSELECT  1 AS one FROM "users" WHERE "users"."name" = $1 LIMIT $2[0m  [["name", "Cersei Lannister"], ["LIMIT", 1]]
  [1m[36mUser Exists (5.5ms)[0m  [1m[34mSELECT  1 AS one FROM "users" WHERE "users"."email" = $1 LIMIT $2[0m  [["email", "conner@thiel.info"], ["LIMIT", 1]]
  [1m[35mSQL (0.6ms)[0m  [1m[32mINSERT INTO "users" ("name", "token", "email", "password_digest", "created_at", "updated_at") VALUES ($1, $2, $3, $4, $5, $6) RETURNING "id"[0m  [["name", "Cersei Lannister"], ["token", "Kh7doLih8ETAk9eGwCPGqbQF"], ["email", "conner@thiel.info"], ["password_digest", "$2a$10$/vwZUbmmf1SDfzKEG7qxB.c6KUwNxrRZoyw1ITcjlSUNDtSlCC.lO"], ["created_at", 2017-07-26 19:59:33 UTC], ["updated_at", 2017-07-26 19:59:33 UTC]]
  [1m[35m (2.3ms)[0m  [1m[35mCOMMIT[0m
  [1m[35m (0.2ms)[0m  [1m[35mBEGIN[0m
  [1m[36mUser Exists (0.5ms)[0m  [1m[34mSELECT  1 AS one FROM "users" WHERE "users"."name" = $1 LIMIT $2[0m  [["name", "Catelyn Stark"], ["LIMIT", 1]]
  [1m[36mUser Exists (0.2ms)[0m  [1m[34mSELECT  1 AS one FROM "users" WHERE "users"."email" = $1 LIMIT $2[0m  [["email", "easton_spinka@orn.info"], ["LIMIT", 1]]
  [1m[35mSQL (0.5ms)[0m  [1m[32mINSERT INTO "users" ("name", "token", "email", "password_digest", "created_at", "updated_at") VALUES ($1, $2, $3, $4, $5, $6) RETURNING "id"[0m  [["name", "Catelyn Stark"], ["token", "Pva7UWjDs8uiAPTMN6KX5jbw"], ["email", "easton_spinka@orn.info"], ["password_digest", "$2a$10$NK74flx37EhCvB/pmyIv3eEWlkTPCy21SpdeP3skVnsexe9yHTRHe"], ["created_at", 2017-07-26 19:59:33 UTC], ["updated_at", 2017-07-26 19:59:33 UTC]]
  [1m[35m (1.7ms)[0m  [1m[35mCOMMIT[0m
  [1m[35m (0.2ms)[0m  [1m[35mBEGIN[0m
  [1m[36mUser Exists (0.5ms)[0m  [1m[34mSELECT  1 AS one FROM "users" WHERE "users"."name" = $1 LIMIT $2[0m  [["name", "Ygritte"], ["LIMIT", 1]]
  [1m[36mUser Exists (0.3ms)[0m  [1m[34mSELECT  1 AS one FROM "users" WHERE "users"."email" = $1 LIMIT $2[0m  [["email", "beth@shanahan.io"], ["LIMIT", 1]]
  [1m[35mSQL (0.4ms)[0m  [1m[32mINSERT INTO "users" ("name", "token", "email", "password_digest", "created_at", "updated_at") VALUES ($1, $2, $3, $4, $5, $6) RETURNING "id"[0m  [["name", "Ygritte"], ["token", "EHD9FbDQCyosrRg1N1pA6vV8"], ["email", "beth@shanahan.io"], ["password_digest", "$2a$10$mFSPU5c0Ts2T2NBSm4qeVOSYnAY/Dk4zLw4m0J4uC67sSIb6Tc6va"], ["created_at", 2017-07-26 19:59:33 UTC], ["updated_at", 2017-07-26 19:59:33 UTC]]
  [1m[35m (2.2ms)[0m  [1m[35mCOMMIT[0m
  [1m[35m (0.3ms)[0m  [1m[35mBEGIN[0m
  [1m[36mUser Exists (0.4ms)[0m  [1m[34mSELECT  1 AS one FROM "users" WHERE "users"."name" = $1 LIMIT $2[0m  [["name", "Theon Greyjoy"], ["LIMIT", 1]]
  [1m[36mUser Exists (0.2ms)[0m  [1m[34mSELECT  1 AS one FROM "users" WHERE "users"."email" = $1 LIMIT $2[0m  [["email", "carli.quitzon@kozey.org"], ["LIMIT", 1]]
  [1m[35mSQL (0.4ms)[0m  [1m[32mINSERT INTO "users" ("name", "token", "email", "password_digest", "created_at", "updated_at") VALUES ($1, $2, $3, $4, $5, $6) RETURNING "id"[0m  [["name", "Theon Greyjoy"], ["token", "EmbHZAAYt2EXg77gqNsUCx4u"], ["email", "carli.quitzon@kozey.org"], ["password_digest", "$2a$10$0xmFu5YUykv9kdNJuk0f.ekBf5WUE82WEdAP65bVn41tn7U5qrie6"], ["created_at", 2017-07-26 19:59:34 UTC], ["updated_at", 2017-07-26 19:59:34 UTC]]
  [1m[35m (2.1ms)[0m  [1m[35mCOMMIT[0m
  [1m[35m (0.2ms)[0m  [1m[35mBEGIN[0m
  [1m[36mUser Exists (0.4ms)[0m  [1m[34mSELECT  1 AS one FROM "users" WHERE "users"."name" = $1 LIMIT $2[0m  [["name", "Melisandre"], ["LIMIT", 1]]
  [1m[36mUser Exists (0.4ms)[0m  [1m[34mSELECT  1 AS one FROM "users" WHERE "users"."email" = $1 LIMIT $2[0m  [["email", "kailee.hand@klingbergstrom.co"], ["LIMIT", 1]]
  [1m[35mSQL (0.5ms)[0m  [1m[32mINSERT INTO "users" ("name", "token", "email", "password_digest", "created_at", "updated_at") VALUES ($1, $2, $3, $4, $5, $6) RETURNING "id"[0m  [["name", "Melisandre"], ["token", "uPef8En7CUdVy9L2fTJoGEDm"], ["email", "kailee.hand@klingbergstrom.co"], ["password_digest", "$2a$10$cj2Le7R5BetVd7mZ4atgd.DWq0k1S4Uf89CGqMKle.D8crnEz6vlC"], ["created_at", 2017-07-26 19:59:34 UTC], ["updated_at", 2017-07-26 19:59:34 UTC]]
  [1m[35m (0.5ms)[0m  [1m[35mCOMMIT[0m
  [1m[35m (2.2ms)[0m  [1m[35mBEGIN[0m
  [1m[36mUser Exists (0.4ms)[0m  [1m[34mSELECT  1 AS one FROM "users" WHERE "users"."name" = $1 LIMIT $2[0m  [["name", "Jaime Lannister"], ["LIMIT", 1]]
  [1m[36mUser Exists (0.2ms)[0m  [1m[34mSELECT  1 AS one FROM "users" WHERE "users"."email" = $1 LIMIT $2[0m  [["email", "nellie.nader@marquardt.co"], ["LIMIT", 1]]
  [1m[35mSQL (0.2ms)[0m  [1m[32mINSERT INTO "users" ("name", "token", "email", "password_digest", "created_at", "updated_at") VALUES ($1, $2, $3, $4, $5, $6) RETURNING "id"[0m  [["name", "Jaime Lannister"], ["token", "PvsuShFsw9aqGwwYVqH5h1Ri"], ["email", "nellie.nader@marquardt.co"], ["password_digest", "$2a$10$L1L6xRwr6sUlc8T71QTJ.u9zxF7rrqQbB/vCLj7qu8VbijUhT19ZO"], ["created_at", 2017-07-26 19:59:34 UTC], ["updated_at", 2017-07-26 19:59:34 UTC]]
  [1m[35m (1.1ms)[0m  [1m[35mCOMMIT[0m
  [1m[35m (0.2ms)[0m  [1m[35mBEGIN[0m
  [1m[36mUser Exists (0.3ms)[0m  [1m[34mSELECT  1 AS one FROM "users" WHERE "users"."name" = $1 LIMIT $2[0m  [["name", "Gendry"], ["LIMIT", 1]]
  [1m[36mUser Exists (0.2ms)[0m  [1m[34mSELECT  1 AS one FROM "users" WHERE "users"."email" = $1 LIMIT $2[0m  [["email", "nova@riceschultz.biz"], ["LIMIT", 1]]
  [1m[35mSQL (0.3ms)[0m  [1m[32mINSERT INTO "users" ("name", "token", "email", "password_digest", "created_at", "updated_at") VALUES ($1, $2, $3, $4, $5, $6) RETURNING "id"[0m  [["name", "Gendry"], ["token", "gPRbutedcpgxuJRy3f4Nyqas"], ["email", "nova@riceschultz.biz"], ["password_digest", "$2a$10$myuYCvOgQw87vNlLuH9rrOwUSVgF06QxLaTAaoaj8BaR0UT22LBqC"], ["created_at", 2017-07-26 19:59:34 UTC], ["updated_at", 2017-07-26 19:59:34 UTC]]
  [1m[35m (1.8ms)[0m  [1m[35mCOMMIT[0m
  [1m[35m (0.3ms)[0m  [1m[35mBEGIN[0m
  [1m[36mUser Exists (0.4ms)[0m  [1m[34mSELECT  1 AS one FROM "users" WHERE "users"."name" = $1 LIMIT $2[0m  [["name", "Khal Drogo"], ["LIMIT", 1]]
  [1m[36mUser Exists (0.3ms)[0m  [1m[34mSELECT  1 AS one FROM "users" WHERE "users"."email" = $1 LIMIT $2[0m  [["email", "harley@kilback.name"], ["LIMIT", 1]]
  [1m[35mSQL (0.3ms)[0m  [1m[32mINSERT INTO "users" ("name", "token", "email", "password_digest", "created_at", "updated_at") VALUES ($1, $2, $3, $4, $5, $6) RETURNING "id"[0m  [["name", "Khal Drogo"], ["token", "Pp6k71YZKbF2nwhaVrYDXVt9"], ["email", "harley@kilback.name"], ["password_digest", "$2a$10$BHsRlnBWf11y8e7Qm2l4x.Yd7BbJJaiF9hFYnvxKleWYvEXtfm2uO"], ["created_at", 2017-07-26 19:59:34 UTC], ["updated_at", 2017-07-26 19:59:34 UTC]]
  [1m[35m (1.7ms)[0m  [1m[35mCOMMIT[0m
  [1m[35m (0.2ms)[0m  [1m[35mBEGIN[0m
  [1m[36mUser Exists (0.5ms)[0m  [1m[34mSELECT  1 AS one FROM "users" WHERE "users"."name" = $1 LIMIT $2[0m  [["name", "Gendry"], ["LIMIT", 1]]
  [1m[36mUser Exists (0.3ms)[0m  [1m[34mSELECT  1 AS one FROM "users" WHERE "users"."email" = $1 LIMIT $2[0m  [["email", "gerardo@batzparisian.org"], ["LIMIT", 1]]
  [1m[35m (0.2ms)[0m  [1m[31mROLLBACK[0m
  [1m[36mUser Load (0.4ms)[0m  [1m[34mSELECT  "users".* FROM "users" ORDER BY "users"."id" ASC LIMIT $1[0m  [["LIMIT", 1]]
  [1m[36mUser Load (0.2ms)[0m  [1m[34mSELECT  "users".* FROM "users" ORDER BY "users"."id" DESC LIMIT $1[0m  [["LIMIT", 1]]
  [1m[35m (0.2ms)[0m  [1m[35mBEGIN[0m
  [1m[35mSQL (9.6ms)[0m  [1m[32mINSERT INTO "posts" ("title", "categories", "content", "created_at", "updated_at", "user_id") VALUES ($1, $2, $3, $4, $5, $6) RETURNING "id"[0m  [["title", "Incredible Marble Chair"], ["categories", "English Pale Ale"], ["content", "Depromo rem volup antea vester defungo. Sol adsidue tenetur adficio arbustum thesis vulnus. Sponte urbanus vilicus capillus videlicet vesco. Aegrus vaco defessus. Vesper statua denuo. Crebro stips curso vero carpo. Crudelis apud cattus sit absum necessitatibus. Qui advoco cerno autem apostolus videlicet tenuis quod. Cohaero sequi mollitia. Spiculum suasoria optio vacuus custodia. Provident testimonium avaritia. Absque id varietas alii qui turpis. Vilicus condico quibusdam placeat avaritia nihil tabula."], ["created_at", 2017-07-26 19:59:34 UTC], ["updated_at", 2017-07-26 19:59:34 UTC], ["user_id", 1]]
  [1m[35m (0.7ms)[0m  [1m[35mCOMMIT[0m
  [1m[35m (0.3ms)[0m  [1m[35mBEGIN[0m
  [1m[35mSQL (1.0ms)[0m  [1m[32mINSERT INTO "posts" ("title", "categories", "content", "created_at", "updated_at", "user_id") VALUES ($1, $2, $3, $4, $5, $6) RETURNING "id"[0m  [["title", "Durable Wool Coat"], ["categories", "Amber Hybrid Beer"], ["content", "Vestigium solvo et usitas acceptus calamitas cursim concido. Cursus utroque tristis aduro ars abscido valens. Quas vel creo acies victoria cado. Contego crepusculum similique approbo temperantia despecto. Vado sumptus decumbo adhuc delicate aduro aedificium. Condico calcar ascisco verbera id abutor aduro aufero. Solutio vel et thermae contego copiose terreo ustilo. Tamen iste carbo cupiditas. Adaugeo pectus et attonbitus. Spiritus est undique fugit aliquid deserunt venustas."], ["created_at", 2017-07-26 19:59:34 UTC], ["updated_at", 2017-07-26 19:59:34 UTC], ["user_id", 11]]
  [1m[35m (0.4ms)[0m  [1m[35mCOMMIT[0m
  [1m[35m (0.2ms)[0m  [1m[35mBEGIN[0m
  [1m[35mSQL (0.6ms)[0m  [1m[32mINSERT INTO "posts" ("title", "categories", "content", "created_at", "updated_at", "user_id") VALUES ($1, $2, $3, $4, $5, $6) RETURNING "id"[0m  [["title", "Incredible Marble Chair"], ["categories", "Fruit Beer"], ["content", "Sustineo enim tardus ascisco. Undique placeat sperno vesco deporto odio. Eligendi aiunt subito utrum magni. Curatio commemoro velit voco libero. Aer spiculum universe creptio teneo. Denique tui adflicto sui tego uxor. Cornu quo civitas verus deprecator velit angustus. Et creator artificiose asporto terebro. Video tondeo talus vel. Sui aperio victoria titulus versus theatrum. Subnecto defetiscor vulnus stips."], ["created_at", 2017-07-26 19:59:34 UTC], ["updated_at", 2017-07-26 19:59:34 UTC], ["user_id", 1]]
  [1m[35m (0.5ms)[0m  [1m[35mCOMMIT[0m
  [1m[35m (0.2ms)[0m  [1m[35mBEGIN[0m
  [1m[35mSQL (0.4ms)[0m  [1m[32mINSERT INTO "posts" ("title", "categories", "content", "created_at", "updated_at", "user_id") VALUES ($1, $2, $3, $4, $5, $6) RETURNING "id"[0m  [["title", "Lightweight Aluminum Shirt"], ["categories", "Sour Ale"], ["content", "Tricesimus admoveo claustrum. Tutamen theatrum calamitas fugit. Adficio currus angelus. Ipsum dapifer ventito audio suscipit patruus sit decimus. Compono sursum vilitas modi congregatio una. Enim peccatus veritas. Compono voro vociferor color conculco amicitia truculenter colo. Thermae deporto alo. Auditor adopto vulticulus asperiores contra. Amor tolero constans. Copiose uterque tantum numquam repellendus thesaurus cedo. Verus uxor contego aedificium ut dapifer altus subiungo. Saepe paulatim tollo vomito creo thalassinus."], ["created_at", 2017-07-26 19:59:34 UTC], ["updated_at", 2017-07-26 19:59:34 UTC], ["user_id", 11]]
  [1m[35m (0.4ms)[0m  [1m[35mCOMMIT[0m
  [1m[35m (0.1ms)[0m  [1m[35mBEGIN[0m
  [1m[35mSQL (0.7ms)[0m  [1m[32mINSERT INTO "posts" ("title", "categories", "content", "created_at", "updated_at", "user_id") VALUES ($1, $2, $3, $4, $5, $6) RETURNING "id"[0m  [["title", "Intelligent Granite Bench"], ["categories", "German Wheat And Rye Beer"], ["content", "Pectus vis eos accedo sapiente arma. Abbas tamisium cena aperte atavus. Caute sono vesica. Numquam avarus chirographum utroque corpus angelus apostolus. Perferendis civitas arcesso vomica territo valde velum. Vulticulus demonstro acervus odit pauci vobis ante taceo. Ustulo baiulus voluptatem demens amicitia voluptate vivo. Aiunt conicio adflicto. Quibusdam aufero et ut usitas. Et modi aspicio ascit arbor titulus tactus decet. Adeo curo sublime."], ["created_at", 2017-07-26 19:59:34 UTC], ["updated_at", 2017-07-26 19:59:34 UTC], ["user_id", 1]]
  [1m[35m (0.6ms)[0m  [1m[35mCOMMIT[0m
  [1m[35m (0.2ms)[0m  [1m[35mBEGIN[0m
  [1m[35mSQL (0.7ms)[0m  [1m[32mINSERT INTO "posts" ("title", "categories", "content", "created_at", "updated_at", "user_id") VALUES ($1, $2, $3, $4, $5, $6) RETURNING "id"[0m  [["title", "Awesome Rubber Bench"], ["categories", "Dark Lager"], ["content", "Ut sapiente cruciamentum tenus conatus ventito. Vulnus avoco caute. Comminor casus aut tolero totus odio supplanto. Vulnus tubineus caries vivo doloremque admitto voveo vis. Sursum cohors ultio aptus praesentium. Patria et sit vicinus alioqui auctus. Vulnero minus cursus bestia. Arceo ultra admiratio. Excepturi textus cavus aurum carmen. Corrigo sollers toties necessitatibus adulatio cornu."], ["created_at", 2017-07-26 19:59:34 UTC], ["updated_at", 2017-07-26 19:59:34 UTC], ["user_id", 11]]
  [1m[35m (0.5ms)[0m  [1m[35mCOMMIT[0m
  [1m[35m (0.2ms)[0m  [1m[35mBEGIN[0m
  [1m[35mSQL (0.6ms)[0m  [1m[32mINSERT INTO "posts" ("title", "categories", "content", "created_at", "updated_at", "user_id") VALUES ($1, $2, $3, $4, $5, $6) RETURNING "id"[0m  [["title", "Sleek Wool Lamp"], ["categories", "Strong Ale"], ["content", "Sumo aeternus contego sed vilitas non ustilo. Capillus testimonium spectaculum tempore tot. Color arbitro earum ocer triginta. Stipes eos depraedor uredo doloribus. Aqua aliquid qui copiose vaco suppono peior alias. Approbo cauda deficio aperte arceo venio vulgo. Vivo sufficio curvo comes curso sordeo accusantium. Possimus creber sit. Subito aut timidus necessitatibus bardus. Vel maxime alias demergo cupio nesciunt."], ["created_at", 2017-07-26 19:59:34 UTC], ["updated_at", 2017-07-26 19:59:34 UTC], ["user_id", 1]]
  [1m[35m (0.4ms)[0m  [1m[35mCOMMIT[0m
  [1m[35m (0.2ms)[0m  [1m[35mBEGIN[0m
  [1m[35mSQL (0.5ms)[0m  [1m[32mINSERT INTO "posts" ("title", "categories", "content", "created_at", "updated_at", "user_id") VALUES ($1, $2, $3, $4, $5, $6) RETURNING "id"[0m  [["title", "Sleek Iron Shoes"], ["categories", "India Pale Ale"], ["content", "Aspernatur sufficio vito quasi. Tui caelestis velum voluptas despirmatio. Deinde solio censura. Aiunt turpe quia alo. Cumque compono arca quibusdam absorbeo crapula. Facere voluptas similique ullam cursim anser adstringo iste. Uterque vito temperantia demonstro possimus. Vitium ullam degero supplanto. Tepesco clibanus asper victus neque viscus adiuvo. Armarium neque attero curia validus. Repellendus maiores voluptas creber adsum dedico enim vulgo. Aequus conventus admoveo cubo a. Sono aggero ultio somnus caritas conculco tollo."], ["created_at", 2017-07-26 19:59:34 UTC], ["updated_at", 2017-07-26 19:59:34 UTC], ["user_id", 11]]
  [1m[35m (0.5ms)[0m  [1m[35mCOMMIT[0m
  [1m[35m (0.2ms)[0m  [1m[35mBEGIN[0m
  [1m[35mSQL (0.5ms)[0m  [1m[32mINSERT INTO "posts" ("title", "categories", "content", "created_at", "updated_at", "user_id") VALUES ($1, $2, $3, $4, $5, $6) RETURNING "id"[0m  [["title", "Aerodynamic Bronze Knife"], ["categories", "Bock"], ["content", "Spiritus sponte tyrannus coaegresco derideo bis suffragium. Crux sed consectetur vel. Constans uxor artificiose adiuvo comminor veritas. Utilis auctus debeo officiis supellex. Cultura avaritia brevis spero volutabrum tergeo cras. Temperantia sopor collum audentia degero amita careo. Caritas quos placeat eos sequi. Contabesco curis apparatus tergo comminor uter quas ut. Tricesimus deludo vulnero complectus usus demens. Est centum communis sollicito sperno cur. Solus argentum cupiditate canto."], ["created_at", 2017-07-26 19:59:34 UTC], ["updated_at", 2017-07-26 19:59:34 UTC], ["user_id", 1]]
  [1m[35m (0.5ms)[0m  [1m[35mCOMMIT[0m
  [1m[35m (4.8ms)[0m  [1m[35mBEGIN[0m
  [1m[35mSQL (0.6ms)[0m  [1m[32mINSERT INTO "posts" ("title", "categories", "content", "created_at", "updated_at", "user_id") VALUES ($1, $2, $3, $4, $5, $6) RETURNING "id"[0m  [["title", "Incredible Iron Table"], ["categories", "India Pale Ale"], ["content", "Doloremque spero utor sit. Colo ipsa videlicet temporibus defigo antepono claustrum. Thesaurus nihil tertius adulescens. Umerus ago patrocinor pecunia basium avoco velit. Abbas arcesso color ut. Subiungo verto demulceo tersus cerno viscus. Deludo eos avoco vultuosus unus stultus. Apparatus animi territo occaecati auxilium. Amor quis causa alii utrimque vicinus amoveo coruscus. Cultura crinis abduco. Vinculum virgo dolores. Cruentus aut ipsam averto. Succedo amaritudo deficio dolores acervus abscido necessitatibus corrigo."], ["created_at", 2017-07-26 19:59:34 UTC], ["updated_at", 2017-07-26 19:59:34 UTC], ["user_id", 11]]
  [1m[35m (0.6ms)[0m  [1m[35mCOMMIT[0m
  [1m[35m (0.2ms)[0m  [1m[35mBEGIN[0m
  [1m[35mSQL (0.5ms)[0m  [1m[32mINSERT INTO "posts" ("title", "categories", "content", "created_at", "updated_at", "user_id") VALUES ($1, $2, $3, $4, $5, $6) RETURNING "id"[0m  [["title", "Durable Cotton Coat"], ["categories", "German Wheat And Rye Beer"], ["content", "Alius vel attonbitus vehemens admitto aptus stella speculum. Eligendi consuasor abscido amo veritatis deinde. Tabgo molestiae ago voluptatibus. Cohaero sperno aetas attollo error et. Strenuus agnosco vito vobis sit cum. Brevis cibo uberrime et victoria cinis. Tabella curvo ab. Placeat et tracto conor antea qui. Conduco deripio quia ocer voluptatibus. Ultio tabernus voluptatem vaco. Aut adfero totidem vilitas. Paulatim aut attero conatus cogo quis."], ["created_at", 2017-07-26 19:59:34 UTC], ["updated_at", 2017-07-26 19:59:34 UTC], ["user_id", 1]]
  [1m[35m (0.4ms)[0m  [1m[35mCOMMIT[0m
  [1m[35m (0.2ms)[0m  [1m[35mBEGIN[0m
  [1m[35mSQL (0.3ms)[0m  [1m[32mINSERT INTO "posts" ("title", "categories", "content", "created_at", "updated_at", "user_id") VALUES ($1, $2, $3, $4, $5, $6) RETURNING "id"[0m  [["title", "Rustic Wool Chair"], ["categories", "Light Hybrid Beer"], ["content", "Taedium veritas colloco dolor qui sursum amet. Aer tripudio vulnus virgo cibo bis. Nesciunt vesco voluptatem sollicito comitatus aestas tot. Cognatus sit suasoria nisi coruscus quo cogito. Triumphus conventus denique sol. Colligo totus ater. Nesciunt substantia abstergo comprehendo crebro caveo repellendus armarium. Sufficio aut thalassinus voluptatem itaque trucido. Apud alienus qui tyrannus statim. Crepusculum delego condico. Deripio acervus tumultus minima decens territo correptius. Tabernus quidem demum cruciamentum conitor tricesimus valde ante."], ["created_at", 2017-07-26 19:59:34 UTC], ["updated_at", 2017-07-26 19:59:34 UTC], ["user_id", 11]]
  [1m[35m (0.6ms)[0m  [1m[35mCOMMIT[0m
  [1m[35m (0.2ms)[0m  [1m[35mBEGIN[0m
  [1m[35mSQL (5.0ms)[0m  [1m[32mINSERT INTO "posts" ("title", "categories", "content", "created_at", "updated_at", "user_id") VALUES ($1, $2, $3, $4, $5, $6) RETURNING "id"[0m  [["title", "Durable Silk Chair"], ["categories", "Vegetable Beer"], ["content", "Desparatus concido ademptio aestus volup triduana clarus vulariter. Vapulus vulgo cum. Vulariter cunae depromo acceptus conservo. Crapula totus cunae absum antepono. Patrocinor ulciscor crur degero cultellus. Sublime copiose autem aut arca ver absens solutio. Voro totam titulus. Versus sit acsi. Temptatio circumvenio torqueo cado aspernatur. Ancilla caterva quidem delectus tabgo tondeo decimus qui. Artificiose crepusculum est. Creta summopere validus testimonium vomer voveo."], ["created_at", 2017-07-26 19:59:34 UTC], ["updated_at", 2017-07-26 19:59:34 UTC], ["user_id", 1]]
  [1m[35m (0.6ms)[0m  [1m[35mCOMMIT[0m
  [1m[35m (0.1ms)[0m  [1m[35mBEGIN[0m
  [1m[35mSQL (0.4ms)[0m  [1m[32mINSERT INTO "posts" ("title", "categories", "content", "created_at", "updated_at", "user_id") VALUES ($1, $2, $3, $4, $5, $6) RETURNING "id"[0m  [["title", "Ergonomic Concrete Shoes"], ["categories", "Belgian And French Ale"], ["content", "Territo explicabo paens. Ustulo alienus crapula vulgo volo alioqui cetera arca. Accusamus circumvenio decor aut valeo pecto. Utrimque tricesimus quod adeo vigor non avaritia. Autem bellum velum deporto avarus. Trado capitulus infit et arbitro aliquid. Aegrotatio certus stillicidium audax vestrum considero cursus. Tepidus vultuosus alo. Caterva confugo brevis qui vivo. Tertius colo aestivus aspicio cibus. Vesco conservo utor. Tot tergo adulatio virga libero terror verus capillus."], ["created_at", 2017-07-26 19:59:34 UTC], ["updated_at", 2017-07-26 19:59:34 UTC], ["user_id", 11]]
  [1m[35m (0.6ms)[0m  [1m[35mCOMMIT[0m
  [1m[36mActiveRecord::InternalMetadata Load (0.6ms)[0m  [1m[34mSELECT  "ar_internal_metadata".* FROM "ar_internal_metadata" WHERE "ar_internal_metadata"."key" = $1 LIMIT $2[0m  [["key", :environment], ["LIMIT", 1]]
  [1m[35m (0.2ms)[0m  [1m[35mBEGIN[0m
  [1m[35m (0.2ms)[0m  [1m[35mCOMMIT[0m
  [1m[36mActiveRecord::InternalMetadata Load (0.4ms)[0m  [1m[34mSELECT  "ar_internal_metadata".* FROM "ar_internal_metadata" WHERE "ar_internal_metadata"."key" = $1 LIMIT $2[0m  [["key", :environment], ["LIMIT", 1]]
  [1m[35m (0.3ms)[0m  [1m[35mBEGIN[0m
  [1m[35m (0.2ms)[0m  [1m[35mCOMMIT[0m
Started GET "/" for 127.0.0.1 at 2017-07-26 13:03:08 -0700
Processing by PostsController#index as HTML
  [1m[36mPost Load (1.3ms)[0m  [1m[34mSELECT "posts".* FROM "posts"[0m
Completed 200 OK in 53ms (Views: 40.9ms | ActiveRecord: 1.3ms)


Started GET "/" for ::1 at 2017-07-26 13:24:54 -0700
Processing by PostsController#index as */*
  [1m[36mPost Load (0.9ms)[0m  [1m[34mSELECT "posts".* FROM "posts"[0m
Completed 200 OK in 41ms (Views: 39.2ms | ActiveRecord: 0.9ms)


  [1m[35m (2.5ms)[0m  [1m[34mSELECT pg_try_advisory_lock(984301707449393445);[0m
  [1m[36mActiveRecord::SchemaMigration Load (17.1ms)[0m  [1m[34mSELECT "schema_migrations".* FROM "schema_migrations"[0m
  [1m[36mActiveRecord::InternalMetadata Load (0.9ms)[0m  [1m[34mSELECT  "ar_internal_metadata".* FROM "ar_internal_metadata" WHERE "ar_internal_metadata"."key" = $1 LIMIT $2[0m  [["key", :environment], ["LIMIT", 1]]
  [1m[35m (0.3ms)[0m  [1m[35mBEGIN[0m
  [1m[35m (0.2ms)[0m  [1m[35mCOMMIT[0m
  [1m[35m (0.4ms)[0m  [1m[34mSELECT pg_advisory_unlock(984301707449393445)[0m
  [1m[36mActiveRecord::SchemaMigration Load (25.7ms)[0m  [1m[34mSELECT "schema_migrations".* FROM "schema_migrations"[0m
  [1m[35m (0.5ms)[0m  [1m[34mSELECT pg_try_advisory_lock(984301707449393445);[0m
  [1m[36mActiveRecord::SchemaMigration Load (18.2ms)[0m  [1m[34mSELECT "schema_migrations".* FROM "schema_migrations"[0m
Migrating to CreateMessages (20170727165410)
  [1m[35m (16.9ms)[0m  [1m[35mBEGIN[0m
  [1m[35m (52.2ms)[0m  [1m[35mCREATE TABLE "messages" ("id" serial primary key, "subject" character varying, "body" text, "created_at" timestamp NOT NULL, "updated_at" timestamp NOT NULL)[0m
  [1m[35mSQL (6.5ms)[0m  [1m[32mINSERT INTO "schema_migrations" ("version") VALUES ($1) RETURNING "version"[0m  [["version", "20170727165410"]]
  [1m[35m (2.3ms)[0m  [1m[35mCOMMIT[0m
  [1m[36mActiveRecord::InternalMetadata Load (0.7ms)[0m  [1m[34mSELECT  "ar_internal_metadata".* FROM "ar_internal_metadata" WHERE "ar_internal_metadata"."key" = $1 LIMIT $2[0m  [["key", :environment], ["LIMIT", 1]]
  [1m[35m (0.7ms)[0m  [1m[35mBEGIN[0m
  [1m[35m (0.2ms)[0m  [1m[35mCOMMIT[0m
  [1m[35m (0.3ms)[0m  [1m[34mSELECT pg_advisory_unlock(984301707449393445)[0m
  [1m[36mActiveRecord::SchemaMigration Load (1.7ms)[0m  [1m[34mSELECT "schema_migrations".* FROM "schema_migrations"[0m
  [1m[36mActiveRecord::SchemaMigration Load (6.2ms)[0m  [1m[34mSELECT "schema_migrations".* FROM "schema_migrations"[0m
  [1m[35m (3.1ms)[0m  [1m[34mSELECT "ar_internal_metadata"."value" FROM "ar_internal_metadata" WHERE "ar_internal_metadata"."key" = $1[0m  [["key", :environment]]
  [1m[36mActiveRecord::SchemaMigration Load (0.3ms)[0m  [1m[34mSELECT "schema_migrations".* FROM "schema_migrations"[0m
  [1m[35m (0.2ms)[0m  [1m[34mSELECT "ar_internal_metadata"."value" FROM "ar_internal_metadata" WHERE "ar_internal_metadata"."key" = $1[0m  [["key", :environment]]
  [1m[36mActiveRecord::SchemaMigration Load (0.2ms)[0m  [1m[34mSELECT "schema_migrations".* FROM "schema_migrations"[0m
  [1m[35m (0.2ms)[0m  [1m[34mSELECT "ar_internal_metadata"."value" FROM "ar_internal_metadata" WHERE "ar_internal_metadata"."key" = $1[0m  [["key", :environment]]
  [1m[35m (284.7ms)[0m  [1m[35mDROP DATABASE IF EXISTS "posts_development"[0m
  [1m[35m (257.2ms)[0m  [1m[35mDROP DATABASE IF EXISTS "posts_test"[0m
Started GET "/" for ::1 at 2019-02-17 23:22:17 -0800
  
Gem::LoadError (Specified 'postgresql' for database adapter, but the gem is not loaded. Add `gem 'pg'` to your Gemfile (and ensure its version is at the minimum required by ActiveRecord).):
  
activerecord (5.0.1) lib/active_record/connection_adapters/connection_specification.rb:176:in `rescue in spec'
activerecord (5.0.1) lib/active_record/connection_adapters/connection_specification.rb:173:in `spec'
activerecord (5.0.1) lib/active_record/connection_handling.rb:53:in `establish_connection'
activerecord (5.0.1) lib/active_record/railtie.rb:125:in `block (2 levels) in <class:Railtie>'
activesupport (5.0.1) lib/active_support/lazy_load_hooks.rb:43:in `instance_eval'
activesupport (5.0.1) lib/active_support/lazy_load_hooks.rb:43:in `execute_hook'
activesupport (5.0.1) lib/active_support/lazy_load_hooks.rb:50:in `block in run_load_hooks'
activesupport (5.0.1) lib/active_support/lazy_load_hooks.rb:49:in `each'
activesupport (5.0.1) lib/active_support/lazy_load_hooks.rb:49:in `run_load_hooks'
activerecord (5.0.1) lib/active_record/base.rb:324:in `<module:ActiveRecord>'
activerecord (5.0.1) lib/active_record/base.rb:24:in `<top (required)>'
activesupport (5.0.1) lib/active_support/dependencies.rb:293:in `require'
activesupport (5.0.1) lib/active_support/dependencies.rb:293:in `block in require'
activesupport (5.0.1) lib/active_support/dependencies.rb:259:in `load_dependency'
activesupport (5.0.1) lib/active_support/dependencies.rb:293:in `require'
activerecord (5.0.1) lib/active_record/migration.rb:559:in `connection'
activerecord (5.0.1) lib/active_record/migration.rb:546:in `call'
actionpack (5.0.1) lib/action_dispatch/middleware/callbacks.rb:38:in `block in call'
activesupport (5.0.1) lib/active_support/callbacks.rb:97:in `__run_callbacks__'
activesupport (5.0.1) lib/active_support/callbacks.rb:750:in `_run_call_callbacks'
activesupport (5.0.1) lib/active_support/callbacks.rb:90:in `run_callbacks'
actionpack (5.0.1) lib/action_dispatch/middleware/callbacks.rb:36:in `call'
actionpack (5.0.1) lib/action_dispatch/middleware/executor.rb:12:in `call'
actionpack (5.0.1) lib/action_dispatch/middleware/remote_ip.rb:79:in `call'
actionpack (5.0.1) lib/action_dispatch/middleware/debug_exceptions.rb:49:in `call'
web-console (3.7.0) lib/web_console/middleware.rb:135:in `call_app'
web-console (3.7.0) lib/web_console/middleware.rb:30:in `block in call'
web-console (3.7.0) lib/web_console/middleware.rb:20:in `catch'
web-console (3.7.0) lib/web_console/middleware.rb:20:in `call'
actionpack (5.0.1) lib/action_dispatch/middleware/show_exceptions.rb:31:in `call'
railties (5.0.1) lib/rails/rack/logger.rb:36:in `call_app'
railties (5.0.1) lib/rails/rack/logger.rb:24:in `block in call'
activesupport (5.0.1) lib/active_support/tagged_logging.rb:69:in `block in tagged'
activesupport (5.0.1) lib/active_support/tagged_logging.rb:26:in `tagged'
activesupport (5.0.1) lib/active_support/tagged_logging.rb:69:in `tagged'
railties (5.0.1) lib/rails/rack/logger.rb:24:in `call'
sprockets-rails (3.2.1) lib/sprockets/rails/quiet_assets.rb:13:in `call'
actionpack (5.0.1) lib/action_dispatch/middleware/request_id.rb:24:in `call'
rack (2.0.6) lib/rack/method_override.rb:22:in `call'
rack (2.0.6) lib/rack/runtime.rb:22:in `call'
activesupport (5.0.1) lib/active_support/cache/strategy/local_cache_middleware.rb:28:in `call'
actionpack (5.0.1) lib/action_dispatch/middleware/executor.rb:12:in `call'
actionpack (5.0.1) lib/action_dispatch/middleware/static.rb:136:in `call'
rack (2.0.6) lib/rack/sendfile.rb:111:in `call'
rack-cors (1.0.2) lib/rack/cors.rb:97:in `call'
rack-cors (1.0.2) lib/rack/cors.rb:97:in `call'
railties (5.0.1) lib/rails/engine.rb:522:in `call'
rack-cors (1.0.2) lib/rack/cors.rb:97:in `call'
puma (3.12.0) lib/puma/configuration.rb:225:in `call'
puma (3.12.0) lib/puma/server.rb:658:in `handle_request'
puma (3.12.0) lib/puma/server.rb:472:in `process_client'
puma (3.12.0) lib/puma/server.rb:332:in `block in run'
puma (3.12.0) lib/puma/thread_pool.rb:133:in `block in spawn_thread'
  Rendering /Users/sg/.rvm/gems/ruby-2.6.1/gems/actionpack-5.0.1/lib/action_dispatch/middleware/templates/rescues/diagnostics.html.erb within rescues/layout
  Rendering /Users/sg/.rvm/gems/ruby-2.6.1/gems/actionpack-5.0.1/lib/action_dispatch/middleware/templates/rescues/_source.html.erb
  Rendered /Users/sg/.rvm/gems/ruby-2.6.1/gems/actionpack-5.0.1/lib/action_dispatch/middleware/templates/rescues/_source.html.erb (4.5ms)
  Rendering /Users/sg/.rvm/gems/ruby-2.6.1/gems/actionpack-5.0.1/lib/action_dispatch/middleware/templates/rescues/_trace.html.erb
  Rendered /Users/sg/.rvm/gems/ruby-2.6.1/gems/actionpack-5.0.1/lib/action_dispatch/middleware/templates/rescues/_trace.html.erb (2.1ms)
  Rendering /Users/sg/.rvm/gems/ruby-2.6.1/gems/actionpack-5.0.1/lib/action_dispatch/middleware/templates/rescues/_request_and_response.html.erb
  Rendered /Users/sg/.rvm/gems/ruby-2.6.1/gems/actionpack-5.0.1/lib/action_dispatch/middleware/templates/rescues/_request_and_response.html.erb (1.1ms)
  Rendered /Users/sg/.rvm/gems/ruby-2.6.1/gems/actionpack-5.0.1/lib/action_dispatch/middleware/templates/rescues/diagnostics.html.erb within rescues/layout (54.7ms)
Started GET "/" for ::1 at 2019-02-17 23:26:53 -0800
  
Gem::LoadError (Specified 'postgresql' for database adapter, but the gem is not loaded. Add `gem 'pg'` to your Gemfile (and ensure its version is at the minimum required by ActiveRecord).):
  
activerecord (5.0.1) lib/active_record/connection_adapters/connection_specification.rb:176:in `rescue in spec'
activerecord (5.0.1) lib/active_record/connection_adapters/connection_specification.rb:173:in `spec'
activerecord (5.0.1) lib/active_record/connection_handling.rb:53:in `establish_connection'
activerecord (5.0.1) lib/active_record/railtie.rb:125:in `block (2 levels) in <class:Railtie>'
activesupport (5.0.1) lib/active_support/lazy_load_hooks.rb:43:in `instance_eval'
activesupport (5.0.1) lib/active_support/lazy_load_hooks.rb:43:in `execute_hook'
activesupport (5.0.1) lib/active_support/lazy_load_hooks.rb:50:in `block in run_load_hooks'
activesupport (5.0.1) lib/active_support/lazy_load_hooks.rb:49:in `each'
activesupport (5.0.1) lib/active_support/lazy_load_hooks.rb:49:in `run_load_hooks'
activerecord (5.0.1) lib/active_record/base.rb:324:in `<module:ActiveRecord>'
activerecord (5.0.1) lib/active_record/base.rb:24:in `<top (required)>'
activesupport (5.0.1) lib/active_support/dependencies.rb:293:in `require'
activesupport (5.0.1) lib/active_support/dependencies.rb:293:in `block in require'
activesupport (5.0.1) lib/active_support/dependencies.rb:259:in `load_dependency'
activesupport (5.0.1) lib/active_support/dependencies.rb:293:in `require'
activerecord (5.0.1) lib/active_record/migration.rb:559:in `connection'
activerecord (5.0.1) lib/active_record/migration.rb:546:in `call'
actionpack (5.0.1) lib/action_dispatch/middleware/callbacks.rb:38:in `block in call'
activesupport (5.0.1) lib/active_support/callbacks.rb:97:in `__run_callbacks__'
activesupport (5.0.1) lib/active_support/callbacks.rb:750:in `_run_call_callbacks'
activesupport (5.0.1) lib/active_support/callbacks.rb:90:in `run_callbacks'
actionpack (5.0.1) lib/action_dispatch/middleware/callbacks.rb:36:in `call'
actionpack (5.0.1) lib/action_dispatch/middleware/executor.rb:12:in `call'
actionpack (5.0.1) lib/action_dispatch/middleware/remote_ip.rb:79:in `call'
actionpack (5.0.1) lib/action_dispatch/middleware/debug_exceptions.rb:49:in `call'
web-console (3.7.0) lib/web_console/middleware.rb:135:in `call_app'
web-console (3.7.0) lib/web_console/middleware.rb:30:in `block in call'
web-console (3.7.0) lib/web_console/middleware.rb:20:in `catch'
web-console (3.7.0) lib/web_console/middleware.rb:20:in `call'
actionpack (5.0.1) lib/action_dispatch/middleware/show_exceptions.rb:31:in `call'
railties (5.0.1) lib/rails/rack/logger.rb:36:in `call_app'
railties (5.0.1) lib/rails/rack/logger.rb:24:in `block in call'
activesupport (5.0.1) lib/active_support/tagged_logging.rb:69:in `block in tagged'
activesupport (5.0.1) lib/active_support/tagged_logging.rb:26:in `tagged'
activesupport (5.0.1) lib/active_support/tagged_logging.rb:69:in `tagged'
railties (5.0.1) lib/rails/rack/logger.rb:24:in `call'
sprockets-rails (3.2.1) lib/sprockets/rails/quiet_assets.rb:13:in `call'
actionpack (5.0.1) lib/action_dispatch/middleware/request_id.rb:24:in `call'
rack (2.0.6) lib/rack/method_override.rb:22:in `call'
rack (2.0.6) lib/rack/runtime.rb:22:in `call'
activesupport (5.0.1) lib/active_support/cache/strategy/local_cache_middleware.rb:28:in `call'
actionpack (5.0.1) lib/action_dispatch/middleware/executor.rb:12:in `call'
actionpack (5.0.1) lib/action_dispatch/middleware/static.rb:136:in `call'
rack (2.0.6) lib/rack/sendfile.rb:111:in `call'
rack-cors (1.0.2) lib/rack/cors.rb:97:in `call'
rack-cors (1.0.2) lib/rack/cors.rb:97:in `call'
railties (5.0.1) lib/rails/engine.rb:522:in `call'
rack-cors (1.0.2) lib/rack/cors.rb:97:in `call'
puma (3.12.0) lib/puma/configuration.rb:225:in `call'
puma (3.12.0) lib/puma/server.rb:658:in `handle_request'
puma (3.12.0) lib/puma/server.rb:472:in `process_client'
puma (3.12.0) lib/puma/server.rb:332:in `block in run'
puma (3.12.0) lib/puma/thread_pool.rb:133:in `block in spawn_thread'
  Rendering /Users/sg/.rvm/gems/ruby-2.6.1/gems/actionpack-5.0.1/lib/action_dispatch/middleware/templates/rescues/diagnostics.html.erb within rescues/layout
  Rendering /Users/sg/.rvm/gems/ruby-2.6.1/gems/actionpack-5.0.1/lib/action_dispatch/middleware/templates/rescues/_source.html.erb
  Rendered /Users/sg/.rvm/gems/ruby-2.6.1/gems/actionpack-5.0.1/lib/action_dispatch/middleware/templates/rescues/_source.html.erb (5.3ms)
  Rendering /Users/sg/.rvm/gems/ruby-2.6.1/gems/actionpack-5.0.1/lib/action_dispatch/middleware/templates/rescues/_trace.html.erb
  Rendered /Users/sg/.rvm/gems/ruby-2.6.1/gems/actionpack-5.0.1/lib/action_dispatch/middleware/templates/rescues/_trace.html.erb (3.7ms)
  Rendering /Users/sg/.rvm/gems/ruby-2.6.1/gems/actionpack-5.0.1/lib/action_dispatch/middleware/templates/rescues/_request_and_response.html.erb
  Rendered /Users/sg/.rvm/gems/ruby-2.6.1/gems/actionpack-5.0.1/lib/action_dispatch/middleware/templates/rescues/_request_and_response.html.erb (1.5ms)
  Rendered /Users/sg/.rvm/gems/ruby-2.6.1/gems/actionpack-5.0.1/lib/action_dispatch/middleware/templates/rescues/diagnostics.html.erb within rescues/layout (68.2ms)
Started GET "/" for ::1 at 2019-02-17 23:26:56 -0800
  
ActiveRecord::ConnectionNotEstablished (No connection pool with id primary found.):
  
activerecord (5.0.1) lib/active_record/connection_adapters/abstract/connection_pool.rb:882:in `retrieve_connection'
activerecord (5.0.1) lib/active_record/connection_handling.rb:128:in `retrieve_connection'
activerecord (5.0.1) lib/active_record/connection_handling.rb:91:in `connection'
activerecord (5.0.1) lib/active_record/migration.rb:559:in `connection'
activerecord (5.0.1) lib/active_record/migration.rb:546:in `call'
actionpack (5.0.1) lib/action_dispatch/middleware/callbacks.rb:38:in `block in call'
activesupport (5.0.1) lib/active_support/callbacks.rb:97:in `__run_callbacks__'
activesupport (5.0.1) lib/active_support/callbacks.rb:750:in `_run_call_callbacks'
activesupport (5.0.1) lib/active_support/callbacks.rb:90:in `run_callbacks'
actionpack (5.0.1) lib/action_dispatch/middleware/callbacks.rb:36:in `call'
actionpack (5.0.1) lib/action_dispatch/middleware/executor.rb:12:in `call'
actionpack (5.0.1) lib/action_dispatch/middleware/remote_ip.rb:79:in `call'
actionpack (5.0.1) lib/action_dispatch/middleware/debug_exceptions.rb:49:in `call'
web-console (3.7.0) lib/web_console/middleware.rb:135:in `call_app'
web-console (3.7.0) lib/web_console/middleware.rb:30:in `block in call'
web-console (3.7.0) lib/web_console/middleware.rb:20:in `catch'
web-console (3.7.0) lib/web_console/middleware.rb:20:in `call'
actionpack (5.0.1) lib/action_dispatch/middleware/show_exceptions.rb:31:in `call'
railties (5.0.1) lib/rails/rack/logger.rb:36:in `call_app'
railties (5.0.1) lib/rails/rack/logger.rb:24:in `block in call'
activesupport (5.0.1) lib/active_support/tagged_logging.rb:69:in `block in tagged'
activesupport (5.0.1) lib/active_support/tagged_logging.rb:26:in `tagged'
activesupport (5.0.1) lib/active_support/tagged_logging.rb:69:in `tagged'
railties (5.0.1) lib/rails/rack/logger.rb:24:in `call'
sprockets-rails (3.2.1) lib/sprockets/rails/quiet_assets.rb:13:in `call'
actionpack (5.0.1) lib/action_dispatch/middleware/request_id.rb:24:in `call'
rack (2.0.6) lib/rack/method_override.rb:22:in `call'
rack (2.0.6) lib/rack/runtime.rb:22:in `call'
activesupport (5.0.1) lib/active_support/cache/strategy/local_cache_middleware.rb:28:in `call'
actionpack (5.0.1) lib/action_dispatch/middleware/executor.rb:12:in `call'
actionpack (5.0.1) lib/action_dispatch/middleware/static.rb:136:in `call'
rack (2.0.6) lib/rack/sendfile.rb:111:in `call'
rack-cors (1.0.2) lib/rack/cors.rb:97:in `call'
rack-cors (1.0.2) lib/rack/cors.rb:97:in `call'
railties (5.0.1) lib/rails/engine.rb:522:in `call'
rack-cors (1.0.2) lib/rack/cors.rb:97:in `call'
puma (3.12.0) lib/puma/configuration.rb:225:in `call'
puma (3.12.0) lib/puma/server.rb:658:in `handle_request'
puma (3.12.0) lib/puma/server.rb:472:in `process_client'
puma (3.12.0) lib/puma/server.rb:332:in `block in run'
puma (3.12.0) lib/puma/thread_pool.rb:133:in `block in spawn_thread'
  Rendering /Users/sg/.rvm/gems/ruby-2.6.1/gems/actionpack-5.0.1/lib/action_dispatch/middleware/templates/rescues/diagnostics.html.erb within rescues/layout
  Rendering /Users/sg/.rvm/gems/ruby-2.6.1/gems/actionpack-5.0.1/lib/action_dispatch/middleware/templates/rescues/_source.html.erb
  Rendered /Users/sg/.rvm/gems/ruby-2.6.1/gems/actionpack-5.0.1/lib/action_dispatch/middleware/templates/rescues/_source.html.erb (4.2ms)
  Rendering /Users/sg/.rvm/gems/ruby-2.6.1/gems/actionpack-5.0.1/lib/action_dispatch/middleware/templates/rescues/_trace.html.erb
  Rendered /Users/sg/.rvm/gems/ruby-2.6.1/gems/actionpack-5.0.1/lib/action_dispatch/middleware/templates/rescues/_trace.html.erb (3.0ms)
  Rendering /Users/sg/.rvm/gems/ruby-2.6.1/gems/actionpack-5.0.1/lib/action_dispatch/middleware/templates/rescues/_request_and_response.html.erb
  Rendered /Users/sg/.rvm/gems/ruby-2.6.1/gems/actionpack-5.0.1/lib/action_dispatch/middleware/templates/rescues/_request_and_response.html.erb (14.6ms)
  Rendered /Users/sg/.rvm/gems/ruby-2.6.1/gems/actionpack-5.0.1/lib/action_dispatch/middleware/templates/rescues/diagnostics.html.erb within rescues/layout (52.4ms)
Started GET "/" for ::1 at 2019-02-17 23:53:36 -0800
  
ActiveRecord::ConnectionNotEstablished (No connection pool with id primary found.):
  
activerecord (5.0.1) lib/active_record/connection_adapters/abstract/connection_pool.rb:882:in `retrieve_connection'
activerecord (5.0.1) lib/active_record/connection_handling.rb:128:in `retrieve_connection'
activerecord (5.0.1) lib/active_record/connection_handling.rb:91:in `connection'
activerecord (5.0.1) lib/active_record/migration.rb:559:in `connection'
activerecord (5.0.1) lib/active_record/migration.rb:546:in `call'
actionpack (5.0.1) lib/action_dispatch/middleware/callbacks.rb:38:in `block in call'
activesupport (5.0.1) lib/active_support/callbacks.rb:97:in `__run_callbacks__'
activesupport (5.0.1) lib/active_support/callbacks.rb:750:in `_run_call_callbacks'
activesupport (5.0.1) lib/active_support/callbacks.rb:90:in `run_callbacks'
actionpack (5.0.1) lib/action_dispatch/middleware/callbacks.rb:36:in `call'
actionpack (5.0.1) lib/action_dispatch/middleware/executor.rb:12:in `call'
actionpack (5.0.1) lib/action_dispatch/middleware/remote_ip.rb:79:in `call'
actionpack (5.0.1) lib/action_dispatch/middleware/debug_exceptions.rb:49:in `call'
web-console (3.7.0) lib/web_console/middleware.rb:135:in `call_app'
web-console (3.7.0) lib/web_console/middleware.rb:30:in `block in call'
web-console (3.7.0) lib/web_console/middleware.rb:20:in `catch'
web-console (3.7.0) lib/web_console/middleware.rb:20:in `call'
actionpack (5.0.1) lib/action_dispatch/middleware/show_exceptions.rb:31:in `call'
railties (5.0.1) lib/rails/rack/logger.rb:36:in `call_app'
railties (5.0.1) lib/rails/rack/logger.rb:24:in `block in call'
activesupport (5.0.1) lib/active_support/tagged_logging.rb:69:in `block in tagged'
activesupport (5.0.1) lib/active_support/tagged_logging.rb:26:in `tagged'
activesupport (5.0.1) lib/active_support/tagged_logging.rb:69:in `tagged'
railties (5.0.1) lib/rails/rack/logger.rb:24:in `call'
sprockets-rails (3.2.1) lib/sprockets/rails/quiet_assets.rb:13:in `call'
actionpack (5.0.1) lib/action_dispatch/middleware/request_id.rb:24:in `call'
rack (2.0.6) lib/rack/method_override.rb:22:in `call'
rack (2.0.6) lib/rack/runtime.rb:22:in `call'
activesupport (5.0.1) lib/active_support/cache/strategy/local_cache_middleware.rb:28:in `call'
actionpack (5.0.1) lib/action_dispatch/middleware/executor.rb:12:in `call'
actionpack (5.0.1) lib/action_dispatch/middleware/static.rb:136:in `call'
rack (2.0.6) lib/rack/sendfile.rb:111:in `call'
rack-cors (1.0.2) lib/rack/cors.rb:97:in `call'
rack-cors (1.0.2) lib/rack/cors.rb:97:in `call'
railties (5.0.1) lib/rails/engine.rb:522:in `call'
rack-cors (1.0.2) lib/rack/cors.rb:97:in `call'
puma (3.12.0) lib/puma/configuration.rb:225:in `call'
puma (3.12.0) lib/puma/server.rb:658:in `handle_request'
puma (3.12.0) lib/puma/server.rb:472:in `process_client'
puma (3.12.0) lib/puma/server.rb:332:in `block in run'
puma (3.12.0) lib/puma/thread_pool.rb:133:in `block in spawn_thread'
  Rendering /Users/sg/.rvm/gems/ruby-2.6.1/gems/actionpack-5.0.1/lib/action_dispatch/middleware/templates/rescues/diagnostics.html.erb within rescues/layout
  Rendering /Users/sg/.rvm/gems/ruby-2.6.1/gems/actionpack-5.0.1/lib/action_dispatch/middleware/templates/rescues/_source.html.erb
  Rendered /Users/sg/.rvm/gems/ruby-2.6.1/gems/actionpack-5.0.1/lib/action_dispatch/middleware/templates/rescues/_source.html.erb (6.0ms)
  Rendering /Users/sg/.rvm/gems/ruby-2.6.1/gems/actionpack-5.0.1/lib/action_dispatch/middleware/templates/rescues/_trace.html.erb
  Rendered /Users/sg/.rvm/gems/ruby-2.6.1/gems/actionpack-5.0.1/lib/action_dispatch/middleware/templates/rescues/_trace.html.erb (2.1ms)
  Rendering /Users/sg/.rvm/gems/ruby-2.6.1/gems/actionpack-5.0.1/lib/action_dispatch/middleware/templates/rescues/_request_and_response.html.erb
  Rendered /Users/sg/.rvm/gems/ruby-2.6.1/gems/actionpack-5.0.1/lib/action_dispatch/middleware/templates/rescues/_request_and_response.html.erb (1.3ms)
  Rendered /Users/sg/.rvm/gems/ruby-2.6.1/gems/actionpack-5.0.1/lib/action_dispatch/middleware/templates/rescues/diagnostics.html.erb within rescues/layout (40.9ms)
Started GET "/" for ::1 at 2019-02-18 00:04:15 -0800
  
ActiveRecord::ConnectionNotEstablished (No connection pool with id primary found.):
  
activerecord (5.0.1) lib/active_record/connection_adapters/abstract/connection_pool.rb:882:in `retrieve_connection'
activerecord (5.0.1) lib/active_record/connection_handling.rb:128:in `retrieve_connection'
activerecord (5.0.1) lib/active_record/connection_handling.rb:91:in `connection'
activerecord (5.0.1) lib/active_record/migration.rb:559:in `connection'
activerecord (5.0.1) lib/active_record/migration.rb:546:in `call'
actionpack (5.0.1) lib/action_dispatch/middleware/callbacks.rb:38:in `block in call'
activesupport (5.0.1) lib/active_support/callbacks.rb:97:in `__run_callbacks__'
activesupport (5.0.1) lib/active_support/callbacks.rb:750:in `_run_call_callbacks'
activesupport (5.0.1) lib/active_support/callbacks.rb:90:in `run_callbacks'
actionpack (5.0.1) lib/action_dispatch/middleware/callbacks.rb:36:in `call'
actionpack (5.0.1) lib/action_dispatch/middleware/executor.rb:12:in `call'
actionpack (5.0.1) lib/action_dispatch/middleware/remote_ip.rb:79:in `call'
actionpack (5.0.1) lib/action_dispatch/middleware/debug_exceptions.rb:49:in `call'
web-console (3.7.0) lib/web_console/middleware.rb:135:in `call_app'
web-console (3.7.0) lib/web_console/middleware.rb:30:in `block in call'
web-console (3.7.0) lib/web_console/middleware.rb:20:in `catch'
web-console (3.7.0) lib/web_console/middleware.rb:20:in `call'
actionpack (5.0.1) lib/action_dispatch/middleware/show_exceptions.rb:31:in `call'
railties (5.0.1) lib/rails/rack/logger.rb:36:in `call_app'
railties (5.0.1) lib/rails/rack/logger.rb:24:in `block in call'
activesupport (5.0.1) lib/active_support/tagged_logging.rb:69:in `block in tagged'
activesupport (5.0.1) lib/active_support/tagged_logging.rb:26:in `tagged'
activesupport (5.0.1) lib/active_support/tagged_logging.rb:69:in `tagged'
railties (5.0.1) lib/rails/rack/logger.rb:24:in `call'
sprockets-rails (3.2.1) lib/sprockets/rails/quiet_assets.rb:13:in `call'
actionpack (5.0.1) lib/action_dispatch/middleware/request_id.rb:24:in `call'
rack (2.0.6) lib/rack/method_override.rb:22:in `call'
rack (2.0.6) lib/rack/runtime.rb:22:in `call'
activesupport (5.0.1) lib/active_support/cache/strategy/local_cache_middleware.rb:28:in `call'
actionpack (5.0.1) lib/action_dispatch/middleware/executor.rb:12:in `call'
actionpack (5.0.1) lib/action_dispatch/middleware/static.rb:136:in `call'
rack (2.0.6) lib/rack/sendfile.rb:111:in `call'
rack-cors (1.0.2) lib/rack/cors.rb:97:in `call'
rack-cors (1.0.2) lib/rack/cors.rb:97:in `call'
railties (5.0.1) lib/rails/engine.rb:522:in `call'
rack-cors (1.0.2) lib/rack/cors.rb:97:in `call'
puma (3.12.0) lib/puma/configuration.rb:225:in `call'
puma (3.12.0) lib/puma/server.rb:658:in `handle_request'
puma (3.12.0) lib/puma/server.rb:472:in `process_client'
puma (3.12.0) lib/puma/server.rb:332:in `block in run'
puma (3.12.0) lib/puma/thread_pool.rb:133:in `block in spawn_thread'
  Rendering /Users/sg/.rvm/gems/ruby-2.6.1/gems/actionpack-5.0.1/lib/action_dispatch/middleware/templates/rescues/diagnostics.html.erb within rescues/layout
  Rendering /Users/sg/.rvm/gems/ruby-2.6.1/gems/actionpack-5.0.1/lib/action_dispatch/middleware/templates/rescues/_source.html.erb
  Rendered /Users/sg/.rvm/gems/ruby-2.6.1/gems/actionpack-5.0.1/lib/action_dispatch/middleware/templates/rescues/_source.html.erb (3.6ms)
  Rendering /Users/sg/.rvm/gems/ruby-2.6.1/gems/actionpack-5.0.1/lib/action_dispatch/middleware/templates/rescues/_trace.html.erb
  Rendered /Users/sg/.rvm/gems/ruby-2.6.1/gems/actionpack-5.0.1/lib/action_dispatch/middleware/templates/rescues/_trace.html.erb (2.2ms)
  Rendering /Users/sg/.rvm/gems/ruby-2.6.1/gems/actionpack-5.0.1/lib/action_dispatch/middleware/templates/rescues/_request_and_response.html.erb
  Rendered /Users/sg/.rvm/gems/ruby-2.6.1/gems/actionpack-5.0.1/lib/action_dispatch/middleware/templates/rescues/_request_and_response.html.erb (1.3ms)
  Rendered /Users/sg/.rvm/gems/ruby-2.6.1/gems/actionpack-5.0.1/lib/action_dispatch/middleware/templates/rescues/diagnostics.html.erb within rescues/layout (60.6ms)
Started GET "/" for ::1 at 2019-02-18 00:05:06 -0800
  
ActiveRecord::ConnectionNotEstablished (No connection pool with id primary found.):
  
activerecord (5.0.1) lib/active_record/connection_adapters/abstract/connection_pool.rb:882:in `retrieve_connection'
activerecord (5.0.1) lib/active_record/connection_handling.rb:128:in `retrieve_connection'
activerecord (5.0.1) lib/active_record/connection_handling.rb:91:in `connection'
activerecord (5.0.1) lib/active_record/migration.rb:559:in `connection'
activerecord (5.0.1) lib/active_record/migration.rb:546:in `call'
actionpack (5.0.1) lib/action_dispatch/middleware/callbacks.rb:38:in `block in call'
activesupport (5.0.1) lib/active_support/callbacks.rb:97:in `__run_callbacks__'
activesupport (5.0.1) lib/active_support/callbacks.rb:750:in `_run_call_callbacks'
activesupport (5.0.1) lib/active_support/callbacks.rb:90:in `run_callbacks'
actionpack (5.0.1) lib/action_dispatch/middleware/callbacks.rb:36:in `call'
actionpack (5.0.1) lib/action_dispatch/middleware/executor.rb:12:in `call'
actionpack (5.0.1) lib/action_dispatch/middleware/remote_ip.rb:79:in `call'
actionpack (5.0.1) lib/action_dispatch/middleware/debug_exceptions.rb:49:in `call'
web-console (3.7.0) lib/web_console/middleware.rb:135:in `call_app'
web-console (3.7.0) lib/web_console/middleware.rb:30:in `block in call'
web-console (3.7.0) lib/web_console/middleware.rb:20:in `catch'
web-console (3.7.0) lib/web_console/middleware.rb:20:in `call'
actionpack (5.0.1) lib/action_dispatch/middleware/show_exceptions.rb:31:in `call'
railties (5.0.1) lib/rails/rack/logger.rb:36:in `call_app'
railties (5.0.1) lib/rails/rack/logger.rb:24:in `block in call'
activesupport (5.0.1) lib/active_support/tagged_logging.rb:69:in `block in tagged'
activesupport (5.0.1) lib/active_support/tagged_logging.rb:26:in `tagged'
activesupport (5.0.1) lib/active_support/tagged_logging.rb:69:in `tagged'
railties (5.0.1) lib/rails/rack/logger.rb:24:in `call'
sprockets-rails (3.2.1) lib/sprockets/rails/quiet_assets.rb:13:in `call'
actionpack (5.0.1) lib/action_dispatch/middleware/request_id.rb:24:in `call'
rack (2.0.6) lib/rack/method_override.rb:22:in `call'
rack (2.0.6) lib/rack/runtime.rb:22:in `call'
activesupport (5.0.1) lib/active_support/cache/strategy/local_cache_middleware.rb:28:in `call'
actionpack (5.0.1) lib/action_dispatch/middleware/executor.rb:12:in `call'
actionpack (5.0.1) lib/action_dispatch/middleware/static.rb:136:in `call'
rack (2.0.6) lib/rack/sendfile.rb:111:in `call'
rack-cors (1.0.2) lib/rack/cors.rb:97:in `call'
rack-cors (1.0.2) lib/rack/cors.rb:97:in `call'
railties (5.0.1) lib/rails/engine.rb:522:in `call'
rack-cors (1.0.2) lib/rack/cors.rb:97:in `call'
puma (3.12.0) lib/puma/configuration.rb:225:in `call'
puma (3.12.0) lib/puma/server.rb:658:in `handle_request'
puma (3.12.0) lib/puma/server.rb:472:in `process_client'
puma (3.12.0) lib/puma/server.rb:332:in `block in run'
puma (3.12.0) lib/puma/thread_pool.rb:133:in `block in spawn_thread'
  Rendering /Users/sg/.rvm/gems/ruby-2.6.1/gems/actionpack-5.0.1/lib/action_dispatch/middleware/templates/rescues/diagnostics.html.erb within rescues/layout
  Rendering /Users/sg/.rvm/gems/ruby-2.6.1/gems/actionpack-5.0.1/lib/action_dispatch/middleware/templates/rescues/_source.html.erb
  Rendered /Users/sg/.rvm/gems/ruby-2.6.1/gems/actionpack-5.0.1/lib/action_dispatch/middleware/templates/rescues/_source.html.erb (20.0ms)
  Rendering /Users/sg/.rvm/gems/ruby-2.6.1/gems/actionpack-5.0.1/lib/action_dispatch/middleware/templates/rescues/_trace.html.erb
  Rendered /Users/sg/.rvm/gems/ruby-2.6.1/gems/actionpack-5.0.1/lib/action_dispatch/middleware/templates/rescues/_trace.html.erb (2.9ms)
  Rendering /Users/sg/.rvm/gems/ruby-2.6.1/gems/actionpack-5.0.1/lib/action_dispatch/middleware/templates/rescues/_request_and_response.html.erb
  Rendered /Users/sg/.rvm/gems/ruby-2.6.1/gems/actionpack-5.0.1/lib/action_dispatch/middleware/templates/rescues/_request_and_response.html.erb (2.2ms)
  Rendered /Users/sg/.rvm/gems/ruby-2.6.1/gems/actionpack-5.0.1/lib/action_dispatch/middleware/templates/rescues/diagnostics.html.erb within rescues/layout (122.4ms)
Started GET "/" for ::1 at 2019-02-18 00:05:11 -0800
  
ActiveRecord::ConnectionNotEstablished (No connection pool with id primary found.):
  
activerecord (5.0.1) lib/active_record/connection_adapters/abstract/connection_pool.rb:882:in `retrieve_connection'
activerecord (5.0.1) lib/active_record/connection_handling.rb:128:in `retrieve_connection'
activerecord (5.0.1) lib/active_record/connection_handling.rb:91:in `connection'
activerecord (5.0.1) lib/active_record/migration.rb:559:in `connection'
activerecord (5.0.1) lib/active_record/migration.rb:546:in `call'
actionpack (5.0.1) lib/action_dispatch/middleware/callbacks.rb:38:in `block in call'
activesupport (5.0.1) lib/active_support/callbacks.rb:97:in `__run_callbacks__'
activesupport (5.0.1) lib/active_support/callbacks.rb:750:in `_run_call_callbacks'
activesupport (5.0.1) lib/active_support/callbacks.rb:90:in `run_callbacks'
actionpack (5.0.1) lib/action_dispatch/middleware/callbacks.rb:36:in `call'
actionpack (5.0.1) lib/action_dispatch/middleware/executor.rb:12:in `call'
actionpack (5.0.1) lib/action_dispatch/middleware/remote_ip.rb:79:in `call'
actionpack (5.0.1) lib/action_dispatch/middleware/debug_exceptions.rb:49:in `call'
web-console (3.7.0) lib/web_console/middleware.rb:135:in `call_app'
web-console (3.7.0) lib/web_console/middleware.rb:30:in `block in call'
web-console (3.7.0) lib/web_console/middleware.rb:20:in `catch'
web-console (3.7.0) lib/web_console/middleware.rb:20:in `call'
actionpack (5.0.1) lib/action_dispatch/middleware/show_exceptions.rb:31:in `call'
railties (5.0.1) lib/rails/rack/logger.rb:36:in `call_app'
railties (5.0.1) lib/rails/rack/logger.rb:24:in `block in call'
activesupport (5.0.1) lib/active_support/tagged_logging.rb:69:in `block in tagged'
activesupport (5.0.1) lib/active_support/tagged_logging.rb:26:in `tagged'
activesupport (5.0.1) lib/active_support/tagged_logging.rb:69:in `tagged'
railties (5.0.1) lib/rails/rack/logger.rb:24:in `call'
sprockets-rails (3.2.1) lib/sprockets/rails/quiet_assets.rb:13:in `call'
actionpack (5.0.1) lib/action_dispatch/middleware/request_id.rb:24:in `call'
rack (2.0.6) lib/rack/method_override.rb:22:in `call'
rack (2.0.6) lib/rack/runtime.rb:22:in `call'
activesupport (5.0.1) lib/active_support/cache/strategy/local_cache_middleware.rb:28:in `call'
actionpack (5.0.1) lib/action_dispatch/middleware/executor.rb:12:in `call'
actionpack (5.0.1) lib/action_dispatch/middleware/static.rb:136:in `call'
rack (2.0.6) lib/rack/sendfile.rb:111:in `call'
rack-cors (1.0.2) lib/rack/cors.rb:97:in `call'
rack-cors (1.0.2) lib/rack/cors.rb:97:in `call'
railties (5.0.1) lib/rails/engine.rb:522:in `call'
rack-cors (1.0.2) lib/rack/cors.rb:97:in `call'
puma (3.12.0) lib/puma/configuration.rb:225:in `call'
puma (3.12.0) lib/puma/server.rb:658:in `handle_request'
puma (3.12.0) lib/puma/server.rb:472:in `process_client'
puma (3.12.0) lib/puma/server.rb:332:in `block in run'
puma (3.12.0) lib/puma/thread_pool.rb:133:in `block in spawn_thread'
  Rendering /Users/sg/.rvm/gems/ruby-2.6.1/gems/actionpack-5.0.1/lib/action_dispatch/middleware/templates/rescues/diagnostics.html.erb within rescues/layout
  Rendering /Users/sg/.rvm/gems/ruby-2.6.1/gems/actionpack-5.0.1/lib/action_dispatch/middleware/templates/rescues/_source.html.erb
  Rendered /Users/sg/.rvm/gems/ruby-2.6.1/gems/actionpack-5.0.1/lib/action_dispatch/middleware/templates/rescues/_source.html.erb (2.9ms)
  Rendering /Users/sg/.rvm/gems/ruby-2.6.1/gems/actionpack-5.0.1/lib/action_dispatch/middleware/templates/rescues/_trace.html.erb
  Rendered /Users/sg/.rvm/gems/ruby-2.6.1/gems/actionpack-5.0.1/lib/action_dispatch/middleware/templates/rescues/_trace.html.erb (3.0ms)
  Rendering /Users/sg/.rvm/gems/ruby-2.6.1/gems/actionpack-5.0.1/lib/action_dispatch/middleware/templates/rescues/_request_and_response.html.erb
  Rendered /Users/sg/.rvm/gems/ruby-2.6.1/gems/actionpack-5.0.1/lib/action_dispatch/middleware/templates/rescues/_request_and_response.html.erb (1.1ms)
  Rendered /Users/sg/.rvm/gems/ruby-2.6.1/gems/actionpack-5.0.1/lib/action_dispatch/middleware/templates/rescues/diagnostics.html.erb within rescues/layout (29.8ms)
Started GET "/" for ::1 at 2019-02-18 00:07:49 -0800
  
ActiveRecord::ConnectionNotEstablished (No connection pool with id primary found.):
  
activerecord (5.0.1) lib/active_record/connection_adapters/abstract/connection_pool.rb:882:in `retrieve_connection'
activerecord (5.0.1) lib/active_record/connection_handling.rb:128:in `retrieve_connection'
activerecord (5.0.1) lib/active_record/connection_handling.rb:91:in `connection'
activerecord (5.0.1) lib/active_record/migration.rb:559:in `connection'
activerecord (5.0.1) lib/active_record/migration.rb:546:in `call'
actionpack (5.0.1) lib/action_dispatch/middleware/callbacks.rb:38:in `block in call'
activesupport (5.0.1) lib/active_support/callbacks.rb:97:in `__run_callbacks__'
activesupport (5.0.1) lib/active_support/callbacks.rb:750:in `_run_call_callbacks'
activesupport (5.0.1) lib/active_support/callbacks.rb:90:in `run_callbacks'
actionpack (5.0.1) lib/action_dispatch/middleware/callbacks.rb:36:in `call'
actionpack (5.0.1) lib/action_dispatch/middleware/executor.rb:12:in `call'
actionpack (5.0.1) lib/action_dispatch/middleware/remote_ip.rb:79:in `call'
actionpack (5.0.1) lib/action_dispatch/middleware/debug_exceptions.rb:49:in `call'
web-console (3.7.0) lib/web_console/middleware.rb:135:in `call_app'
web-console (3.7.0) lib/web_console/middleware.rb:30:in `block in call'
web-console (3.7.0) lib/web_console/middleware.rb:20:in `catch'
web-console (3.7.0) lib/web_console/middleware.rb:20:in `call'
actionpack (5.0.1) lib/action_dispatch/middleware/show_exceptions.rb:31:in `call'
railties (5.0.1) lib/rails/rack/logger.rb:36:in `call_app'
railties (5.0.1) lib/rails/rack/logger.rb:24:in `block in call'
activesupport (5.0.1) lib/active_support/tagged_logging.rb:69:in `block in tagged'
activesupport (5.0.1) lib/active_support/tagged_logging.rb:26:in `tagged'
activesupport (5.0.1) lib/active_support/tagged_logging.rb:69:in `tagged'
railties (5.0.1) lib/rails/rack/logger.rb:24:in `call'
sprockets-rails (3.2.1) lib/sprockets/rails/quiet_assets.rb:13:in `call'
actionpack (5.0.1) lib/action_dispatch/middleware/request_id.rb:24:in `call'
rack (2.0.6) lib/rack/method_override.rb:22:in `call'
rack (2.0.6) lib/rack/runtime.rb:22:in `call'
activesupport (5.0.1) lib/active_support/cache/strategy/local_cache_middleware.rb:28:in `call'
actionpack (5.0.1) lib/action_dispatch/middleware/executor.rb:12:in `call'
actionpack (5.0.1) lib/action_dispatch/middleware/static.rb:136:in `call'
rack (2.0.6) lib/rack/sendfile.rb:111:in `call'
rack-cors (1.0.2) lib/rack/cors.rb:97:in `call'
rack-cors (1.0.2) lib/rack/cors.rb:97:in `call'
railties (5.0.1) lib/rails/engine.rb:522:in `call'
rack-cors (1.0.2) lib/rack/cors.rb:97:in `call'
puma (3.12.0) lib/puma/configuration.rb:225:in `call'
puma (3.12.0) lib/puma/server.rb:658:in `handle_request'
puma (3.12.0) lib/puma/server.rb:472:in `process_client'
puma (3.12.0) lib/puma/server.rb:332:in `block in run'
puma (3.12.0) lib/puma/thread_pool.rb:133:in `block in spawn_thread'
  Rendering /Users/sg/.rvm/gems/ruby-2.6.1/gems/actionpack-5.0.1/lib/action_dispatch/middleware/templates/rescues/diagnostics.html.erb within rescues/layout
  Rendering /Users/sg/.rvm/gems/ruby-2.6.1/gems/actionpack-5.0.1/lib/action_dispatch/middleware/templates/rescues/_source.html.erb
  Rendered /Users/sg/.rvm/gems/ruby-2.6.1/gems/actionpack-5.0.1/lib/action_dispatch/middleware/templates/rescues/_source.html.erb (2.2ms)
  Rendering /Users/sg/.rvm/gems/ruby-2.6.1/gems/actionpack-5.0.1/lib/action_dispatch/middleware/templates/rescues/_trace.html.erb
  Rendered /Users/sg/.rvm/gems/ruby-2.6.1/gems/actionpack-5.0.1/lib/action_dispatch/middleware/templates/rescues/_trace.html.erb (3.2ms)
  Rendering /Users/sg/.rvm/gems/ruby-2.6.1/gems/actionpack-5.0.1/lib/action_dispatch/middleware/templates/rescues/_request_and_response.html.erb
  Rendered /Users/sg/.rvm/gems/ruby-2.6.1/gems/actionpack-5.0.1/lib/action_dispatch/middleware/templates/rescues/_request_and_response.html.erb (1.4ms)
  Rendered /Users/sg/.rvm/gems/ruby-2.6.1/gems/actionpack-5.0.1/lib/action_dispatch/middleware/templates/rescues/diagnostics.html.erb within rescues/layout (32.7ms)
Started GET "/" for ::1 at 2019-02-18 00:09:06 -0800
  
ActiveRecord::ConnectionNotEstablished (No connection pool with id primary found.):
  
activerecord (5.0.1) lib/active_record/connection_adapters/abstract/connection_pool.rb:882:in `retrieve_connection'
activerecord (5.0.1) lib/active_record/connection_handling.rb:128:in `retrieve_connection'
activerecord (5.0.1) lib/active_record/connection_handling.rb:91:in `connection'
activerecord (5.0.1) lib/active_record/migration.rb:559:in `connection'
activerecord (5.0.1) lib/active_record/migration.rb:546:in `call'
actionpack (5.0.1) lib/action_dispatch/middleware/callbacks.rb:38:in `block in call'
activesupport (5.0.1) lib/active_support/callbacks.rb:97:in `__run_callbacks__'
activesupport (5.0.1) lib/active_support/callbacks.rb:750:in `_run_call_callbacks'
activesupport (5.0.1) lib/active_support/callbacks.rb:90:in `run_callbacks'
actionpack (5.0.1) lib/action_dispatch/middleware/callbacks.rb:36:in `call'
actionpack (5.0.1) lib/action_dispatch/middleware/executor.rb:12:in `call'
actionpack (5.0.1) lib/action_dispatch/middleware/remote_ip.rb:79:in `call'
actionpack (5.0.1) lib/action_dispatch/middleware/debug_exceptions.rb:49:in `call'
web-console (3.7.0) lib/web_console/middleware.rb:135:in `call_app'
web-console (3.7.0) lib/web_console/middleware.rb:30:in `block in call'
web-console (3.7.0) lib/web_console/middleware.rb:20:in `catch'
web-console (3.7.0) lib/web_console/middleware.rb:20:in `call'
actionpack (5.0.1) lib/action_dispatch/middleware/show_exceptions.rb:31:in `call'
railties (5.0.1) lib/rails/rack/logger.rb:36:in `call_app'
railties (5.0.1) lib/rails/rack/logger.rb:24:in `block in call'
activesupport (5.0.1) lib/active_support/tagged_logging.rb:69:in `block in tagged'
activesupport (5.0.1) lib/active_support/tagged_logging.rb:26:in `tagged'
activesupport (5.0.1) lib/active_support/tagged_logging.rb:69:in `tagged'
railties (5.0.1) lib/rails/rack/logger.rb:24:in `call'
sprockets-rails (3.2.1) lib/sprockets/rails/quiet_assets.rb:13:in `call'
actionpack (5.0.1) lib/action_dispatch/middleware/request_id.rb:24:in `call'
rack (2.0.6) lib/rack/method_override.rb:22:in `call'
rack (2.0.6) lib/rack/runtime.rb:22:in `call'
activesupport (5.0.1) lib/active_support/cache/strategy/local_cache_middleware.rb:28:in `call'
actionpack (5.0.1) lib/action_dispatch/middleware/executor.rb:12:in `call'
actionpack (5.0.1) lib/action_dispatch/middleware/static.rb:136:in `call'
rack (2.0.6) lib/rack/sendfile.rb:111:in `call'
rack-cors (1.0.2) lib/rack/cors.rb:97:in `call'
rack-cors (1.0.2) lib/rack/cors.rb:97:in `call'
railties (5.0.1) lib/rails/engine.rb:522:in `call'
rack-cors (1.0.2) lib/rack/cors.rb:97:in `call'
puma (3.12.0) lib/puma/configuration.rb:225:in `call'
puma (3.12.0) lib/puma/server.rb:658:in `handle_request'
puma (3.12.0) lib/puma/server.rb:472:in `process_client'
puma (3.12.0) lib/puma/server.rb:332:in `block in run'
puma (3.12.0) lib/puma/thread_pool.rb:133:in `block in spawn_thread'
  Rendering /Users/sg/.rvm/gems/ruby-2.6.1/gems/actionpack-5.0.1/lib/action_dispatch/middleware/templates/rescues/diagnostics.html.erb within rescues/layout
  Rendering /Users/sg/.rvm/gems/ruby-2.6.1/gems/actionpack-5.0.1/lib/action_dispatch/middleware/templates/rescues/_source.html.erb
  Rendered /Users/sg/.rvm/gems/ruby-2.6.1/gems/actionpack-5.0.1/lib/action_dispatch/middleware/templates/rescues/_source.html.erb (2.8ms)
  Rendering /Users/sg/.rvm/gems/ruby-2.6.1/gems/actionpack-5.0.1/lib/action_dispatch/middleware/templates/rescues/_trace.html.erb
  Rendered /Users/sg/.rvm/gems/ruby-2.6.1/gems/actionpack-5.0.1/lib/action_dispatch/middleware/templates/rescues/_trace.html.erb (1.7ms)
  Rendering /Users/sg/.rvm/gems/ruby-2.6.1/gems/actionpack-5.0.1/lib/action_dispatch/middleware/templates/rescues/_request_and_response.html.erb
  Rendered /Users/sg/.rvm/gems/ruby-2.6.1/gems/actionpack-5.0.1/lib/action_dispatch/middleware/templates/rescues/_request_and_response.html.erb (2.6ms)
  Rendered /Users/sg/.rvm/gems/ruby-2.6.1/gems/actionpack-5.0.1/lib/action_dispatch/middleware/templates/rescues/diagnostics.html.erb within rescues/layout (29.0ms)
Started GET "/" for ::1 at 2019-02-18 00:09:11 -0800
  
ActiveRecord::ConnectionNotEstablished (No connection pool with id primary found.):
  
activerecord (5.0.1) lib/active_record/connection_adapters/abstract/connection_pool.rb:882:in `retrieve_connection'
activerecord (5.0.1) lib/active_record/connection_handling.rb:128:in `retrieve_connection'
activerecord (5.0.1) lib/active_record/connection_handling.rb:91:in `connection'
activerecord (5.0.1) lib/active_record/migration.rb:559:in `connection'
activerecord (5.0.1) lib/active_record/migration.rb:546:in `call'
actionpack (5.0.1) lib/action_dispatch/middleware/callbacks.rb:38:in `block in call'
activesupport (5.0.1) lib/active_support/callbacks.rb:97:in `__run_callbacks__'
activesupport (5.0.1) lib/active_support/callbacks.rb:750:in `_run_call_callbacks'
activesupport (5.0.1) lib/active_support/callbacks.rb:90:in `run_callbacks'
actionpack (5.0.1) lib/action_dispatch/middleware/callbacks.rb:36:in `call'
actionpack (5.0.1) lib/action_dispatch/middleware/executor.rb:12:in `call'
actionpack (5.0.1) lib/action_dispatch/middleware/remote_ip.rb:79:in `call'
actionpack (5.0.1) lib/action_dispatch/middleware/debug_exceptions.rb:49:in `call'
web-console (3.7.0) lib/web_console/middleware.rb:135:in `call_app'
web-console (3.7.0) lib/web_console/middleware.rb:30:in `block in call'
web-console (3.7.0) lib/web_console/middleware.rb:20:in `catch'
web-console (3.7.0) lib/web_console/middleware.rb:20:in `call'
actionpack (5.0.1) lib/action_dispatch/middleware/show_exceptions.rb:31:in `call'
railties (5.0.1) lib/rails/rack/logger.rb:36:in `call_app'
railties (5.0.1) lib/rails/rack/logger.rb:24:in `block in call'
activesupport (5.0.1) lib/active_support/tagged_logging.rb:69:in `block in tagged'
activesupport (5.0.1) lib/active_support/tagged_logging.rb:26:in `tagged'
activesupport (5.0.1) lib/active_support/tagged_logging.rb:69:in `tagged'
railties (5.0.1) lib/rails/rack/logger.rb:24:in `call'
sprockets-rails (3.2.1) lib/sprockets/rails/quiet_assets.rb:13:in `call'
actionpack (5.0.1) lib/action_dispatch/middleware/request_id.rb:24:in `call'
rack (2.0.6) lib/rack/method_override.rb:22:in `call'
rack (2.0.6) lib/rack/runtime.rb:22:in `call'
activesupport (5.0.1) lib/active_support/cache/strategy/local_cache_middleware.rb:28:in `call'
actionpack (5.0.1) lib/action_dispatch/middleware/executor.rb:12:in `call'
actionpack (5.0.1) lib/action_dispatch/middleware/static.rb:136:in `call'
rack (2.0.6) lib/rack/sendfile.rb:111:in `call'
rack-cors (1.0.2) lib/rack/cors.rb:97:in `call'
rack-cors (1.0.2) lib/rack/cors.rb:97:in `call'
railties (5.0.1) lib/rails/engine.rb:522:in `call'
rack-cors (1.0.2) lib/rack/cors.rb:97:in `call'
puma (3.12.0) lib/puma/configuration.rb:225:in `call'
puma (3.12.0) lib/puma/server.rb:658:in `handle_request'
puma (3.12.0) lib/puma/server.rb:472:in `process_client'
puma (3.12.0) lib/puma/server.rb:332:in `block in run'
puma (3.12.0) lib/puma/thread_pool.rb:133:in `block in spawn_thread'
  Rendering /Users/sg/.rvm/gems/ruby-2.6.1/gems/actionpack-5.0.1/lib/action_dispatch/middleware/templates/rescues/diagnostics.html.erb within rescues/layout
  Rendering /Users/sg/.rvm/gems/ruby-2.6.1/gems/actionpack-5.0.1/lib/action_dispatch/middleware/templates/rescues/_source.html.erb
  Rendered /Users/sg/.rvm/gems/ruby-2.6.1/gems/actionpack-5.0.1/lib/action_dispatch/middleware/templates/rescues/_source.html.erb (6.4ms)
  Rendering /Users/sg/.rvm/gems/ruby-2.6.1/gems/actionpack-5.0.1/lib/action_dispatch/middleware/templates/rescues/_trace.html.erb
  Rendered /Users/sg/.rvm/gems/ruby-2.6.1/gems/actionpack-5.0.1/lib/action_dispatch/middleware/templates/rescues/_trace.html.erb (2.3ms)
  Rendering /Users/sg/.rvm/gems/ruby-2.6.1/gems/actionpack-5.0.1/lib/action_dispatch/middleware/templates/rescues/_request_and_response.html.erb
  Rendered /Users/sg/.rvm/gems/ruby-2.6.1/gems/actionpack-5.0.1/lib/action_dispatch/middleware/templates/rescues/_request_and_response.html.erb (1.2ms)
  Rendered /Users/sg/.rvm/gems/ruby-2.6.1/gems/actionpack-5.0.1/lib/action_dispatch/middleware/templates/rescues/diagnostics.html.erb within rescues/layout (30.5ms)
Started GET "/" for ::1 at 2019-02-18 00:13:29 -0800
  
Gem::LoadError (Specified 'postgresql' for database adapter, but the gem is not loaded. Add `gem 'pg'` to your Gemfile (and ensure its version is at the minimum required by ActiveRecord).):
  
activerecord (5.0.1) lib/active_record/connection_adapters/connection_specification.rb:176:in `rescue in spec'
activerecord (5.0.1) lib/active_record/connection_adapters/connection_specification.rb:173:in `spec'
activerecord (5.0.1) lib/active_record/connection_handling.rb:53:in `establish_connection'
activerecord (5.0.1) lib/active_record/railtie.rb:125:in `block (2 levels) in <class:Railtie>'
activesupport (5.0.1) lib/active_support/lazy_load_hooks.rb:43:in `instance_eval'
activesupport (5.0.1) lib/active_support/lazy_load_hooks.rb:43:in `execute_hook'
activesupport (5.0.1) lib/active_support/lazy_load_hooks.rb:50:in `block in run_load_hooks'
activesupport (5.0.1) lib/active_support/lazy_load_hooks.rb:49:in `each'
activesupport (5.0.1) lib/active_support/lazy_load_hooks.rb:49:in `run_load_hooks'
activerecord (5.0.1) lib/active_record/base.rb:324:in `<module:ActiveRecord>'
activerecord (5.0.1) lib/active_record/base.rb:24:in `<top (required)>'
activesupport (5.0.1) lib/active_support/dependencies.rb:293:in `require'
activesupport (5.0.1) lib/active_support/dependencies.rb:293:in `block in require'
activesupport (5.0.1) lib/active_support/dependencies.rb:259:in `load_dependency'
activesupport (5.0.1) lib/active_support/dependencies.rb:293:in `require'
activerecord (5.0.1) lib/active_record/migration.rb:559:in `connection'
activerecord (5.0.1) lib/active_record/migration.rb:546:in `call'
actionpack (5.0.1) lib/action_dispatch/middleware/callbacks.rb:38:in `block in call'
activesupport (5.0.1) lib/active_support/callbacks.rb:97:in `__run_callbacks__'
activesupport (5.0.1) lib/active_support/callbacks.rb:750:in `_run_call_callbacks'
activesupport (5.0.1) lib/active_support/callbacks.rb:90:in `run_callbacks'
actionpack (5.0.1) lib/action_dispatch/middleware/callbacks.rb:36:in `call'
actionpack (5.0.1) lib/action_dispatch/middleware/executor.rb:12:in `call'
actionpack (5.0.1) lib/action_dispatch/middleware/remote_ip.rb:79:in `call'
actionpack (5.0.1) lib/action_dispatch/middleware/debug_exceptions.rb:49:in `call'
web-console (3.7.0) lib/web_console/middleware.rb:135:in `call_app'
web-console (3.7.0) lib/web_console/middleware.rb:30:in `block in call'
web-console (3.7.0) lib/web_console/middleware.rb:20:in `catch'
web-console (3.7.0) lib/web_console/middleware.rb:20:in `call'
actionpack (5.0.1) lib/action_dispatch/middleware/show_exceptions.rb:31:in `call'
railties (5.0.1) lib/rails/rack/logger.rb:36:in `call_app'
railties (5.0.1) lib/rails/rack/logger.rb:24:in `block in call'
activesupport (5.0.1) lib/active_support/tagged_logging.rb:69:in `block in tagged'
activesupport (5.0.1) lib/active_support/tagged_logging.rb:26:in `tagged'
activesupport (5.0.1) lib/active_support/tagged_logging.rb:69:in `tagged'
railties (5.0.1) lib/rails/rack/logger.rb:24:in `call'
sprockets-rails (3.2.1) lib/sprockets/rails/quiet_assets.rb:13:in `call'
actionpack (5.0.1) lib/action_dispatch/middleware/request_id.rb:24:in `call'
rack (2.0.6) lib/rack/method_override.rb:22:in `call'
rack (2.0.6) lib/rack/runtime.rb:22:in `call'
activesupport (5.0.1) lib/active_support/cache/strategy/local_cache_middleware.rb:28:in `call'
actionpack (5.0.1) lib/action_dispatch/middleware/executor.rb:12:in `call'
actionpack (5.0.1) lib/action_dispatch/middleware/static.rb:136:in `call'
rack (2.0.6) lib/rack/sendfile.rb:111:in `call'
rack-cors (1.0.2) lib/rack/cors.rb:97:in `call'
rack-cors (1.0.2) lib/rack/cors.rb:97:in `call'
railties (5.0.1) lib/rails/engine.rb:522:in `call'
rack-cors (1.0.2) lib/rack/cors.rb:97:in `call'
puma (3.12.0) lib/puma/configuration.rb:225:in `call'
puma (3.12.0) lib/puma/server.rb:658:in `handle_request'
puma (3.12.0) lib/puma/server.rb:472:in `process_client'
puma (3.12.0) lib/puma/server.rb:332:in `block in run'
puma (3.12.0) lib/puma/thread_pool.rb:133:in `block in spawn_thread'
  Rendering /Users/sg/.rvm/gems/ruby-2.6.1/gems/actionpack-5.0.1/lib/action_dispatch/middleware/templates/rescues/diagnostics.html.erb within rescues/layout
  Rendering /Users/sg/.rvm/gems/ruby-2.6.1/gems/actionpack-5.0.1/lib/action_dispatch/middleware/templates/rescues/_source.html.erb
  Rendered /Users/sg/.rvm/gems/ruby-2.6.1/gems/actionpack-5.0.1/lib/action_dispatch/middleware/templates/rescues/_source.html.erb (5.3ms)
  Rendering /Users/sg/.rvm/gems/ruby-2.6.1/gems/actionpack-5.0.1/lib/action_dispatch/middleware/templates/rescues/_trace.html.erb
  Rendered /Users/sg/.rvm/gems/ruby-2.6.1/gems/actionpack-5.0.1/lib/action_dispatch/middleware/templates/rescues/_trace.html.erb (3.2ms)
  Rendering /Users/sg/.rvm/gems/ruby-2.6.1/gems/actionpack-5.0.1/lib/action_dispatch/middleware/templates/rescues/_request_and_response.html.erb
  Rendered /Users/sg/.rvm/gems/ruby-2.6.1/gems/actionpack-5.0.1/lib/action_dispatch/middleware/templates/rescues/_request_and_response.html.erb (3.5ms)
  Rendered /Users/sg/.rvm/gems/ruby-2.6.1/gems/actionpack-5.0.1/lib/action_dispatch/middleware/templates/rescues/diagnostics.html.erb within rescues/layout (70.2ms)
Started GET "/" for ::1 at 2019-02-18 00:14:14 -0800
  
ActiveRecord::ConnectionNotEstablished (No connection pool with id primary found.):
  
activerecord (5.0.1) lib/active_record/connection_adapters/abstract/connection_pool.rb:882:in `retrieve_connection'
activerecord (5.0.1) lib/active_record/connection_handling.rb:128:in `retrieve_connection'
activerecord (5.0.1) lib/active_record/connection_handling.rb:91:in `connection'
activerecord (5.0.1) lib/active_record/migration.rb:559:in `connection'
activerecord (5.0.1) lib/active_record/migration.rb:546:in `call'
actionpack (5.0.1) lib/action_dispatch/middleware/callbacks.rb:38:in `block in call'
activesupport (5.0.1) lib/active_support/callbacks.rb:97:in `__run_callbacks__'
activesupport (5.0.1) lib/active_support/callbacks.rb:750:in `_run_call_callbacks'
activesupport (5.0.1) lib/active_support/callbacks.rb:90:in `run_callbacks'
actionpack (5.0.1) lib/action_dispatch/middleware/callbacks.rb:36:in `call'
actionpack (5.0.1) lib/action_dispatch/middleware/executor.rb:12:in `call'
actionpack (5.0.1) lib/action_dispatch/middleware/remote_ip.rb:79:in `call'
actionpack (5.0.1) lib/action_dispatch/middleware/debug_exceptions.rb:49:in `call'
web-console (3.7.0) lib/web_console/middleware.rb:135:in `call_app'
web-console (3.7.0) lib/web_console/middleware.rb:30:in `block in call'
web-console (3.7.0) lib/web_console/middleware.rb:20:in `catch'
web-console (3.7.0) lib/web_console/middleware.rb:20:in `call'
actionpack (5.0.1) lib/action_dispatch/middleware/show_exceptions.rb:31:in `call'
railties (5.0.1) lib/rails/rack/logger.rb:36:in `call_app'
railties (5.0.1) lib/rails/rack/logger.rb:24:in `block in call'
activesupport (5.0.1) lib/active_support/tagged_logging.rb:69:in `block in tagged'
activesupport (5.0.1) lib/active_support/tagged_logging.rb:26:in `tagged'
activesupport (5.0.1) lib/active_support/tagged_logging.rb:69:in `tagged'
railties (5.0.1) lib/rails/rack/logger.rb:24:in `call'
sprockets-rails (3.2.1) lib/sprockets/rails/quiet_assets.rb:13:in `call'
actionpack (5.0.1) lib/action_dispatch/middleware/request_id.rb:24:in `call'
rack (2.0.6) lib/rack/method_override.rb:22:in `call'
rack (2.0.6) lib/rack/runtime.rb:22:in `call'
activesupport (5.0.1) lib/active_support/cache/strategy/local_cache_middleware.rb:28:in `call'
actionpack (5.0.1) lib/action_dispatch/middleware/executor.rb:12:in `call'
actionpack (5.0.1) lib/action_dispatch/middleware/static.rb:136:in `call'
rack (2.0.6) lib/rack/sendfile.rb:111:in `call'
rack-cors (1.0.2) lib/rack/cors.rb:97:in `call'
rack-cors (1.0.2) lib/rack/cors.rb:97:in `call'
railties (5.0.1) lib/rails/engine.rb:522:in `call'
rack-cors (1.0.2) lib/rack/cors.rb:97:in `call'
puma (3.12.0) lib/puma/configuration.rb:225:in `call'
puma (3.12.0) lib/puma/server.rb:658:in `handle_request'
puma (3.12.0) lib/puma/server.rb:472:in `process_client'
puma (3.12.0) lib/puma/server.rb:332:in `block in run'
puma (3.12.0) lib/puma/thread_pool.rb:133:in `block in spawn_thread'
  Rendering /Users/sg/.rvm/gems/ruby-2.6.1/gems/actionpack-5.0.1/lib/action_dispatch/middleware/templates/rescues/diagnostics.html.erb within rescues/layout
  Rendering /Users/sg/.rvm/gems/ruby-2.6.1/gems/actionpack-5.0.1/lib/action_dispatch/middleware/templates/rescues/_source.html.erb
  Rendered /Users/sg/.rvm/gems/ruby-2.6.1/gems/actionpack-5.0.1/lib/action_dispatch/middleware/templates/rescues/_source.html.erb (4.2ms)
  Rendering /Users/sg/.rvm/gems/ruby-2.6.1/gems/actionpack-5.0.1/lib/action_dispatch/middleware/templates/rescues/_trace.html.erb
  Rendered /Users/sg/.rvm/gems/ruby-2.6.1/gems/actionpack-5.0.1/lib/action_dispatch/middleware/templates/rescues/_trace.html.erb (6.8ms)
  Rendering /Users/sg/.rvm/gems/ruby-2.6.1/gems/actionpack-5.0.1/lib/action_dispatch/middleware/templates/rescues/_request_and_response.html.erb
  Rendered /Users/sg/.rvm/gems/ruby-2.6.1/gems/actionpack-5.0.1/lib/action_dispatch/middleware/templates/rescues/_request_and_response.html.erb (3.3ms)
  Rendered /Users/sg/.rvm/gems/ruby-2.6.1/gems/actionpack-5.0.1/lib/action_dispatch/middleware/templates/rescues/diagnostics.html.erb within rescues/layout (42.1ms)
Started GET "/" for ::1 at 2019-02-18 00:58:55 -0800
  
ActiveRecord::ConnectionNotEstablished (No connection pool with id primary found.):
  
activerecord (5.0.1) lib/active_record/connection_adapters/abstract/connection_pool.rb:882:in `retrieve_connection'
activerecord (5.0.1) lib/active_record/connection_handling.rb:128:in `retrieve_connection'
activerecord (5.0.1) lib/active_record/connection_handling.rb:91:in `connection'
activerecord (5.0.1) lib/active_record/migration.rb:559:in `connection'
activerecord (5.0.1) lib/active_record/migration.rb:546:in `call'
actionpack (5.0.1) lib/action_dispatch/middleware/callbacks.rb:38:in `block in call'
activesupport (5.0.1) lib/active_support/callbacks.rb:97:in `__run_callbacks__'
activesupport (5.0.1) lib/active_support/callbacks.rb:750:in `_run_call_callbacks'
activesupport (5.0.1) lib/active_support/callbacks.rb:90:in `run_callbacks'
actionpack (5.0.1) lib/action_dispatch/middleware/callbacks.rb:36:in `call'
actionpack (5.0.1) lib/action_dispatch/middleware/executor.rb:12:in `call'
actionpack (5.0.1) lib/action_dispatch/middleware/remote_ip.rb:79:in `call'
actionpack (5.0.1) lib/action_dispatch/middleware/debug_exceptions.rb:49:in `call'
web-console (3.7.0) lib/web_console/middleware.rb:135:in `call_app'
web-console (3.7.0) lib/web_console/middleware.rb:30:in `block in call'
web-console (3.7.0) lib/web_console/middleware.rb:20:in `catch'
web-console (3.7.0) lib/web_console/middleware.rb:20:in `call'
actionpack (5.0.1) lib/action_dispatch/middleware/show_exceptions.rb:31:in `call'
railties (5.0.1) lib/rails/rack/logger.rb:36:in `call_app'
railties (5.0.1) lib/rails/rack/logger.rb:24:in `block in call'
activesupport (5.0.1) lib/active_support/tagged_logging.rb:69:in `block in tagged'
activesupport (5.0.1) lib/active_support/tagged_logging.rb:26:in `tagged'
activesupport (5.0.1) lib/active_support/tagged_logging.rb:69:in `tagged'
railties (5.0.1) lib/rails/rack/logger.rb:24:in `call'
sprockets-rails (3.2.1) lib/sprockets/rails/quiet_assets.rb:13:in `call'
actionpack (5.0.1) lib/action_dispatch/middleware/request_id.rb:24:in `call'
rack (2.0.6) lib/rack/method_override.rb:22:in `call'
rack (2.0.6) lib/rack/runtime.rb:22:in `call'
activesupport (5.0.1) lib/active_support/cache/strategy/local_cache_middleware.rb:28:in `call'
actionpack (5.0.1) lib/action_dispatch/middleware/executor.rb:12:in `call'
actionpack (5.0.1) lib/action_dispatch/middleware/static.rb:136:in `call'
rack (2.0.6) lib/rack/sendfile.rb:111:in `call'
rack-cors (1.0.2) lib/rack/cors.rb:97:in `call'
rack-cors (1.0.2) lib/rack/cors.rb:97:in `call'
railties (5.0.1) lib/rails/engine.rb:522:in `call'
rack-cors (1.0.2) lib/rack/cors.rb:97:in `call'
puma (3.12.0) lib/puma/configuration.rb:225:in `call'
puma (3.12.0) lib/puma/server.rb:658:in `handle_request'
puma (3.12.0) lib/puma/server.rb:472:in `process_client'
puma (3.12.0) lib/puma/server.rb:332:in `block in run'
puma (3.12.0) lib/puma/thread_pool.rb:133:in `block in spawn_thread'
  Rendering /Users/sg/.rvm/gems/ruby-2.6.1/gems/actionpack-5.0.1/lib/action_dispatch/middleware/templates/rescues/diagnostics.html.erb within rescues/layout
  Rendering /Users/sg/.rvm/gems/ruby-2.6.1/gems/actionpack-5.0.1/lib/action_dispatch/middleware/templates/rescues/_source.html.erb
  Rendered /Users/sg/.rvm/gems/ruby-2.6.1/gems/actionpack-5.0.1/lib/action_dispatch/middleware/templates/rescues/_source.html.erb (3.1ms)
  Rendering /Users/sg/.rvm/gems/ruby-2.6.1/gems/actionpack-5.0.1/lib/action_dispatch/middleware/templates/rescues/_trace.html.erb
  Rendered /Users/sg/.rvm/gems/ruby-2.6.1/gems/actionpack-5.0.1/lib/action_dispatch/middleware/templates/rescues/_trace.html.erb (2.5ms)
  Rendering /Users/sg/.rvm/gems/ruby-2.6.1/gems/actionpack-5.0.1/lib/action_dispatch/middleware/templates/rescues/_request_and_response.html.erb
  Rendered /Users/sg/.rvm/gems/ruby-2.6.1/gems/actionpack-5.0.1/lib/action_dispatch/middleware/templates/rescues/_request_and_response.html.erb (1.8ms)
  Rendered /Users/sg/.rvm/gems/ruby-2.6.1/gems/actionpack-5.0.1/lib/action_dispatch/middleware/templates/rescues/diagnostics.html.erb within rescues/layout (30.2ms)
